TN:
SF:/Users/admin/Desktop/Cici/21_prjects/decimal/float_and_decimal.c
FN:3,s21_from_unsigned_long_int_to_decimal
FNDA:7,s21_from_unsigned_long_int_to_decimal
FN:19,s21_rewrite_float_bits_to_buff
FNDA:0,s21_rewrite_float_bits_to_buff
FN:47,get_float_exp_from_string
FNDA:5,get_float_exp_from_string
FN:67,s21_from_float_to_decimal
FNDA:12,s21_from_float_to_decimal
FN:163,s21_from_decimal_to_float
FNDA:30,s21_from_decimal_to_float
DA:3,7
DA:5,7
DA:6,7
DA:7,70
DA:8,65
DA:9,58
DA:10,29
DA:11,29
DA:12,29
DA:13,29
DA:15,58
DA:17,7
DA:19,0
DA:21,0
DA:22,0
DA:23,0
DA:24,0
DA:26,0
DA:27,0
DA:29,0
DA:31,0
DA:32,0
DA:33,0
DA:34,0
DA:36,0
DA:37,0
DA:38,0
DA:39,0
DA:41,0
DA:42,0
DA:44,0
DA:47,5
DA:48,5
DA:49,5
DA:50,45
DA:51,45
DA:52,5
DA:53,5
DA:54,5
DA:55,0
DA:56,0
DA:57,5
DA:58,5
DA:59,5
DA:61,40
DA:64,5
DA:67,12
DA:68,12
DA:69,12
DA:70,12
DA:71,12
DA:72,12
DA:73,12
DA:74,12
DA:77,12
DA:78,0
DA:79,12
DA:80,2
DA:81,2
DA:82,2
DA:83,12
DA:84,5
DA:85,10
DA:86,0
DA:87,0
DA:88,5
DA:90,5
DA:91,5
DA:93,7
DA:94,2
DA:95,2
DA:98,5
DA:99,5
DA:100,0
DA:101,0
DA:102,5
DA:103,5
DA:104,5
DA:105,5
DA:106,0
DA:107,0
DA:109,90
DA:110,45
DA:111,40
DA:112,40
DA:113,35
DA:114,35
DA:115,35
DA:116,40
DA:118,5
DA:119,5
DA:121,18
DA:122,13
DA:123,13
DA:124,13
DA:128,5
DA:129,4
DA:130,0
DA:131,0
DA:132,4
DA:134,5
DA:135,0
DA:136,0
DA:137,1
DA:139,5
DA:140,0
DA:141,0
DA:143,5
DA:144,0
DA:148,12
DA:149,7
DA:150,7
DA:154,7
DA:156,5
DA:157,5
DA:161,12
DA:163,30
DA:164,30
DA:165,30
DA:166,30
DA:167,30
DA:168,30
DA:169,30
DA:170,30
DA:171,30
DA:173,2910
DA:174,2880
DA:175,1031
DA:176,1031
DA:177,2880
DA:179,30
DA:180,30
DA:182,30
DA:184,30
DA:185,30
DA:186,30
DA:187,30
FNF:5
FNH:4
LF:137
LH:102
end_of_record
SF:/Applications/Xcode.app/Contents/Developer/Platforms/MacOSX.platform/Developer/SDKs/MacOSX.sdk/usr/include/math.h
FN:199,__inline_isinff
FNDA:10,__inline_isinff
FN:202,__inline_isinfd
FNDA:0,__inline_isinfd
FN:205,__inline_isinfl
FNDA:0,__inline_isinfl
FN:208,__inline_isnanf
FNDA:6,__inline_isnanf
FN:211,__inline_isnand
FNDA:0,__inline_isnand
FN:214,__inline_isnanl
FNDA:0,__inline_isnanl
DA:199,10
DA:200,10
DA:202,0
DA:203,0
DA:205,0
DA:206,0
DA:208,6
DA:209,6
DA:211,0
DA:212,0
DA:214,0
DA:215,0
FNF:6
FNH:2
LF:12
LH:4
end_of_record
TN:
SF:/Users/admin/Desktop/Cici/21_prjects/decimal/addition.c
FN:4,s21_add
FNDA:51,s21_add
FN:57,s21_big_add
FNDA:3780,s21_big_add
FN:155,check_big_decimal
FNDA:113,check_big_decimal
DA:4,51
DA:5,51
DA:6,51
DA:8,51
DA:10,51
DA:25,47
DA:26,47
DA:27,47
DA:29,47
DA:31,47
DA:32,47
DA:33,47
DA:34,47
DA:35,47
DA:37,47
DA:38,47
DA:39,47
DA:40,47
DA:41,47
DA:42,47
DA:43,0
DA:44,0
DA:45,0
DA:46,0
DA:47,0
DA:48,47
DA:50,51
DA:57,3780
DA:59,3780
DA:61,3780
DA:62,3780
DA:63,3780
DA:64,3780
DA:65,3780
DA:66,3780
DA:67,3780
DA:69,3780
DA:70,3780
DA:72,3780
DA:76,3780
DA:77,8
DA:78,8
DA:79,8
DA:81,729540
DA:82,725760
DA:83,0
DA:84,0
DA:85,725760
DA:86,725760
DA:88,725760
DA:89,111417
DA:90,23917
DA:91,23917
DA:92,23917
DA:93,87500
DA:95,725760
DA:96,581341
DA:97,9897
DA:98,9897
DA:99,9897
DA:100,571444
DA:102,581341
DA:103,33002
DA:104,23105
DA:105,23105
DA:106,23105
DA:107,9897
DA:108,9897
DA:111,725760
DA:113,3780
DA:114,47
DA:116,47
DA:117,47
DA:118,47
DA:119,0
DA:121,0
DA:126,0
DA:128,0
DA:130,0
DA:133,0
DA:134,0
DA:136,0
DA:137,0
DA:138,0
DA:139,0
DA:140,0
DA:142,0
DA:143,0
DA:146,47
DA:147,47
DA:148,47
DA:149,3733
DA:152,3780
DA:155,113
DA:156,113
DA:157,113
DA:158,452
DA:159,339
DA:160,339
DA:161,339
DA:162,339
DA:163,113
FNF:3
FNH:3
LF:102
LH:81
end_of_record
TN:
SF:/Users/admin/Desktop/Cici/21_prjects/decimal/multiplication.c
FN:3,s21_mul
FNDA:20,s21_mul
FN:49,s21_big_mul
FNDA:1983,s21_big_mul
DA:3,20
DA:4,20
DA:6,20
DA:7,20
DA:8,20
DA:9,20
DA:11,20
DA:12,20
DA:14,20
DA:15,20
DA:16,20
DA:17,20
DA:18,20
DA:21,20
DA:22,16
DA:23,6
DA:24,6
DA:25,14
DA:26,14
DA:27,14
DA:28,14
DA:29,14
DA:30,0
DA:31,0
DA:32,0
DA:33,0
DA:36,20
DA:37,3
DA:38,3
DA:39,17
DA:42,20
DA:49,1983
DA:51,1983
DA:52,1983
DA:53,1983
DA:54,1983
DA:55,1983
DA:56,1983
DA:57,1983
DA:58,1983
DA:59,1983
DA:60,1983
DA:63,1983
DA:64,1983
DA:66,1983
DA:67,0
DA:68,0
DA:69,0
DA:71,126912
DA:72,124929
DA:73,124929
DA:74,124929
DA:76,1983
DA:79,1983
DA:80,26634
DA:81,26496
DA:82,32
DA:83,32
DA:84,32
DA:85,32
DA:86,32
DA:87,26496
DA:89,138
DA:90,356085
DA:91,354240
DA:92,3695
DA:93,3695
DA:94,3695
DA:95,3695
DA:96,3695
DA:97,354240
DA:101,1983
DA:102,14
DA:103,0
DA:104,0
DA:105,14
DA:106,14
DA:107,14
DA:108,14
DA:109,0
DA:110,0
DA:111,0
DA:113,0
DA:114,0
DA:115,0
DA:117,0
DA:118,0
DA:120,0
DA:121,0
DA:123,0
DA:124,0
DA:126,0
DA:127,0
DA:129,14
DA:130,14
DA:131,14
DA:132,14
DA:134,0
DA:137,14
DA:138,1969
DA:140,1983
DA:141,1983
FNF:2
FNH:2
LF:102
LH:78
end_of_record
TN:
SF:/Users/admin/Desktop/Cici/21_prjects/decimal/others.c
FN:3,s21_truncate
FNDA:61,s21_truncate
FN:19,s21_negate
FNDA:42,s21_negate
FN:33,s21_floor
FNDA:23,s21_floor
FN:55,s21_round
FNDA:21,s21_round
FN:94,s21_round_banking
FNDA:21,s21_round_banking
DA:3,61
DA:4,61
DA:6,61
DA:7,61
DA:8,61
DA:9,61
DA:10,591
DA:11,530
DA:12,530
DA:14,61
DA:15,61
DA:16,61
DA:19,42
DA:20,42
DA:21,42
DA:22,42
DA:23,16
DA:24,16
DA:25,26
DA:27,42
DA:28,42
DA:29,42
DA:30,42
DA:33,23
DA:34,23
DA:35,23
DA:36,23
DA:38,23
DA:39,21
DA:40,21
DA:41,21
DA:43,21
DA:44,7
DA:45,7
DA:46,7
DA:47,7
DA:49,21
DA:50,2
DA:52,23
DA:55,21
DA:56,21
DA:58,21
DA:60,0
DA:61,0
DA:63,21
DA:65,21
DA:69,21
DA:70,21
DA:72,21
DA:75,21
DA:79,21
DA:81,21
DA:84,21
DA:85,6
DA:86,6
DA:87,15
DA:91,21
DA:94,21
DA:95,21
DA:97,21
DA:99,21
DA:101,0
DA:103,0
DA:104,0
DA:106,0
DA:108,21
DA:110,10
DA:111,10
DA:113,11
DA:116,21
FNF:5
FNH:5
LF:70
LH:64
end_of_record
TN:
SF:/Users/admin/Desktop/Cici/21_prjects/decimal/div.c
FN:6,s21_div
FNDA:9,s21_div
FN:73,s21_div_big
FNDA:6,s21_div_big
DA:6,9
DA:7,9
DA:9,9
DA:10,2
DA:11,2
DA:12,9
DA:13,1
DA:14,1
DA:15,7
DA:16,0
DA:17,0
DA:18,0
DA:19,6
DA:21,6
DA:22,6
DA:24,6
DA:25,6
DA:26,6
DA:27,6
DA:28,6
DA:29,6
DA:31,6
DA:32,6
DA:34,6
DA:35,6
DA:36,6
DA:37,6
DA:38,0
DA:39,0
DA:40,0
DA:41,0
DA:43,6
DA:44,3
DA:45,3
DA:46,3
DA:50,9
DA:73,6
DA:75,6
DA:77,6
DA:78,0
DA:79,6
DA:80,0
DA:81,0
DA:82,6
DA:83,0
DA:84,0
DA:85,0
DA:86,6
DA:88,6
DA:89,6
DA:90,6
DA:91,6
DA:92,6
DA:93,6
DA:94,6
DA:95,6
DA:96,6
DA:98,6
DA:99,6
DA:100,6
DA:101,6
DA:102,6
DA:103,6
DA:105,6
DA:107,12
DA:108,6
DA:109,39
DA:110,531
DA:111,990
DA:112,492
DA:113,492
DA:115,6
DA:116,6
DA:118,6
DA:119,492
DA:120,492
DA:124,498
DA:125,33
DA:126,33
DA:127,6
DA:128,6
DA:129,27
DA:131,33
DA:132,33
DA:133,33
DA:134,0
DA:135,0
DA:136,33
DA:137,33
DA:138,33
DA:139,33
DA:140,33
DA:143,33
DA:144,33
DA:145,33
DA:147,6
DA:150,6
DA:151,0
DA:152,0
DA:153,0
DA:154,0
DA:155,0
DA:156,0
DA:157,0
DA:158,0
DA:159,0
DA:160,0
DA:161,0
DA:162,0
DA:163,0
DA:164,0
DA:165,0
DA:166,0
DA:167,0
DA:169,0
DA:172,0
DA:173,0
DA:175,0
DA:176,0
DA:179,7
DA:180,1
DA:181,1
DA:183,6
DA:184,6
DA:185,0
DA:187,6
DA:188,6
DA:189,6
DA:190,6
DA:191,0
DA:195,6
DA:196,6
FNF:2
FNH:2
LF:132
LH:93
end_of_record
TN:
SF:/Users/admin/Desktop/Cici/21_prjects/decimal/check_s21_decimal_maks.c
FN:10,s21_add_1_fn
FNDA:1,s21_add_1_fn
FN:37,s21_add_2_fn
FNDA:1,s21_add_2_fn
FN:64,s21_add_3_fn
FNDA:1,s21_add_3_fn
FN:91,s21_add_4_fn
FNDA:1,s21_add_4_fn
FN:118,s21_add_6_fn
FNDA:1,s21_add_6_fn
FN:145,s21_add_7_fn
FNDA:1,s21_add_7_fn
FN:172,s21_add_8_fn
FNDA:1,s21_add_8_fn
FN:199,s21_add_9_fn
FNDA:1,s21_add_9_fn
FN:226,s21_add_10_fn
FNDA:1,s21_add_10_fn
FN:253,s21_add_11_fn
FNDA:1,s21_add_11_fn
FN:280,s21_add_12_fn
FNDA:1,s21_add_12_fn
FN:307,s21_add_13_fn
FNDA:1,s21_add_13_fn
FN:334,s21_add_14_fn
FNDA:1,s21_add_14_fn
FN:361,s21_add_15_fn
FNDA:1,s21_add_15_fn
FN:388,s21_add_16_fn
FNDA:1,s21_add_16_fn
FN:415,s21_add_18_fn
FNDA:1,s21_add_18_fn
FN:442,s21_add_23_fn
FNDA:1,s21_add_23_fn
FN:469,s21_add_24_fn
FNDA:1,s21_add_24_fn
FN:496,s21_add_25_fn
FNDA:1,s21_add_25_fn
FN:523,s21_add_27_fn
FNDA:1,s21_add_27_fn
FN:550,s21_add_28_fn
FNDA:1,s21_add_28_fn
FN:577,s21_add_29_fn
FNDA:1,s21_add_29_fn
FN:604,s21_add_30_fn
FNDA:1,s21_add_30_fn
FN:631,s21_add_31_fn
FNDA:1,s21_add_31_fn
FN:658,s21_add_36_fn
FNDA:1,s21_add_36_fn
FN:685,s21_add_40_fn
FNDA:1,s21_add_40_fn
FN:712,s21_add_44_fn
FNDA:1,s21_add_44_fn
FN:739,s21_add_45_fn
FNDA:1,s21_add_45_fn
FN:766,s21_add_51_fn
FNDA:1,s21_add_51_fn
FN:793,s21_add_52_fn
FNDA:1,s21_add_52_fn
FN:820,s21_less_1_fn
FNDA:1,s21_less_1_fn
FN:827,s21_less_2_fn
FNDA:1,s21_less_2_fn
FN:834,s21_less_3_zero_fn
FNDA:1,s21_less_3_zero_fn
FN:841,s21_less_4_zero_fn
FNDA:1,s21_less_4_zero_fn
FN:848,s21_less_5_len_int_part_fn
FNDA:1,s21_less_5_len_int_part_fn
FN:855,s21_less_6_len_int_part_positive_fn
FNDA:1,s21_less_6_len_int_part_positive_fn
FN:862,s21_less_7_len_int_part_negative_fn
FNDA:1,s21_less_7_len_int_part_negative_fn
FN:869,s21_less_8_value_int_part_positive_fn
FNDA:1,s21_less_8_value_int_part_positive_fn
FN:876,s21_less_9_value_fract_part_positive_fn
FNDA:1,s21_less_9_value_fract_part_positive_fn
FN:883,s21_less_10_max_int_positive_fn
FNDA:1,s21_less_10_max_int_positive_fn
FN:892,s21_less_11_max_int_negative_fn
FNDA:1,s21_less_11_max_int_negative_fn
FN:901,s21_less_12_fn
FNDA:1,s21_less_12_fn
FN:920,s21_less_13_fn
FNDA:1,s21_less_13_fn
FN:939,s21_less_14_fn
FNDA:1,s21_less_14_fn
FN:958,s21_less_15_fn
FNDA:1,s21_less_15_fn
FN:977,s21_less_16_fn
FNDA:1,s21_less_16_fn
FN:996,s21_less_17_fn
FNDA:1,s21_less_17_fn
FN:1015,s21_less_18_fn
FNDA:1,s21_less_18_fn
FN:1034,s21_less_19_fn
FNDA:1,s21_less_19_fn
FN:1053,s21_less_20_fn
FNDA:1,s21_less_20_fn
FN:1072,s21_less_21_fn
FNDA:1,s21_less_21_fn
FN:1091,s21_less_22_fn
FNDA:1,s21_less_22_fn
FN:1110,s21_less_23_fn
FNDA:1,s21_less_23_fn
FN:1129,s21_less_24_fn
FNDA:1,s21_less_24_fn
FN:1148,s21_less_25_fn
FNDA:1,s21_less_25_fn
FN:1167,s21_less_26_fn
FNDA:1,s21_less_26_fn
FN:1186,s21_less_27_fn
FNDA:1,s21_less_27_fn
FN:1205,s21_less_28_fn
FNDA:1,s21_less_28_fn
FN:1224,s21_less_29_fn
FNDA:1,s21_less_29_fn
FN:1243,s21_less_30_fn
FNDA:1,s21_less_30_fn
FN:1262,s21_less_31_fn
FNDA:1,s21_less_31_fn
FN:1281,s21_less_32_fn
FNDA:1,s21_less_32_fn
FN:1300,s21_less_33_fn
FNDA:1,s21_less_33_fn
FN:1319,s21_less_34_fn
FNDA:1,s21_less_34_fn
FN:1338,s21_less_35_fn
FNDA:1,s21_less_35_fn
FN:1357,s21_less_36_fn
FNDA:1,s21_less_36_fn
FN:1376,s21_less_37_fn
FNDA:1,s21_less_37_fn
FN:1395,s21_less_38_fn
FNDA:1,s21_less_38_fn
FN:1414,s21_less_39_fn
FNDA:1,s21_less_39_fn
FN:1433,s21_less_40_fn
FNDA:1,s21_less_40_fn
FN:1452,s21_less_41_fn
FNDA:1,s21_less_41_fn
FN:1471,s21_less_42_fn
FNDA:1,s21_less_42_fn
FN:1490,s21_less_43_fn
FNDA:1,s21_less_43_fn
FN:1509,s21_less_44_fn
FNDA:1,s21_less_44_fn
FN:1528,s21_less_45_fn
FNDA:1,s21_less_45_fn
FN:1547,s21_less_46_fn
FNDA:1,s21_less_46_fn
FN:1566,s21_less_47_fn
FNDA:1,s21_less_47_fn
FN:1585,s21_less_48_fn
FNDA:1,s21_less_48_fn
FN:1604,s21_less_49_fn
FNDA:1,s21_less_49_fn
FN:1623,s21_less_50_fn
FNDA:1,s21_less_50_fn
FN:1642,s21_less_51_fn
FNDA:1,s21_less_51_fn
FN:1661,s21_less_52_fn
FNDA:1,s21_less_52_fn
FN:1680,s21_is_equalal_1_fn
FNDA:1,s21_is_equalal_1_fn
FN:1705,s21_is_equalal_4_sign_fn
FNDA:1,s21_is_equalal_4_sign_fn
FN:1712,s21_is_equalal_5_sign_fn
FNDA:1,s21_is_equalal_5_sign_fn
FN:1719,s21_is_equalal_6_fn
FNDA:1,s21_is_equalal_6_fn
FN:1726,s21_is_equalal_7_fn
FNDA:1,s21_is_equalal_7_fn
FN:1741,s21_is_equalal_9_ss_fn
FNDA:1,s21_is_equalal_9_ss_fn
FN:1750,s21_is_equalal_10_fn
FNDA:1,s21_is_equalal_10_fn
FN:1757,s21_is_equalal_12_value_fn
FNDA:1,s21_is_equalal_12_value_fn
FN:1766,s21_is_equalal_13_value_fn
FNDA:1,s21_is_equalal_13_value_fn
FN:1775,s21_is_equalal_14_value_fn
FNDA:1,s21_is_equalal_14_value_fn
FN:1784,s21_is_equalal_15_fn
FNDA:1,s21_is_equalal_15_fn
FN:1822,s21_is_equalal_17_fn
FNDA:1,s21_is_equalal_17_fn
FN:1841,s21_is_equalal_18_fn
FNDA:1,s21_is_equalal_18_fn
FN:1860,s21_is_equalal_19_fn
FNDA:1,s21_is_equalal_19_fn
FN:1879,s21_is_equalal_20_fn
FNDA:1,s21_is_equalal_20_fn
FN:1898,s21_is_equalal_21_fn
FNDA:1,s21_is_equalal_21_fn
FN:1917,s21_is_equalal_22_fn
FNDA:1,s21_is_equalal_22_fn
FN:1936,s21_is_equalal_23_fn
FNDA:1,s21_is_equalal_23_fn
FN:1955,s21_is_equalal_24_fn
FNDA:1,s21_is_equalal_24_fn
FN:1974,s21_is_equalal_25_fn
FNDA:1,s21_is_equalal_25_fn
FN:1993,s21_is_equalal_26_fn
FNDA:1,s21_is_equalal_26_fn
FN:2012,s21_is_equalal_27_fn
FNDA:1,s21_is_equalal_27_fn
FN:2031,s21_is_equalal_28_fn
FNDA:1,s21_is_equalal_28_fn
FN:2050,s21_is_equalal_29_fn
FNDA:1,s21_is_equalal_29_fn
FN:2069,s21_is_equalal_30_fn
FNDA:1,s21_is_equalal_30_fn
FN:2088,s21_is_equalal_31_fn
FNDA:1,s21_is_equalal_31_fn
FN:2107,s21_is_equalal_32_fn
FNDA:1,s21_is_equalal_32_fn
FN:2126,s21_is_equalal_33_fn
FNDA:1,s21_is_equalal_33_fn
FN:2145,s21_is_equalal_34_fn
FNDA:1,s21_is_equalal_34_fn
FN:2164,s21_is_equalal_35_fn
FNDA:1,s21_is_equalal_35_fn
FN:2183,s21_is_equalal_36_fn
FNDA:1,s21_is_equalal_36_fn
FN:2202,s21_is_equalal_37_fn
FNDA:1,s21_is_equalal_37_fn
FN:2221,s21_is_equalal_38_fn
FNDA:1,s21_is_equalal_38_fn
FN:2240,s21_is_equalal_39_fn
FNDA:1,s21_is_equalal_39_fn
FN:2259,s21_is_equalal_40_fn
FNDA:1,s21_is_equalal_40_fn
FN:2278,s21_is_equalal_41_fn
FNDA:1,s21_is_equalal_41_fn
FN:2297,s21_is_equalal_42_fn
FNDA:1,s21_is_equalal_42_fn
FN:2316,s21_is_equalal_43_fn
FNDA:1,s21_is_equalal_43_fn
FN:2335,s21_is_equalal_44_fn
FNDA:1,s21_is_equalal_44_fn
FN:2354,s21_is_equalal_45_fn
FNDA:1,s21_is_equalal_45_fn
FN:2373,s21_is_equalal_46_fn
FNDA:1,s21_is_equalal_46_fn
FN:2392,s21_is_equalal_47_fn
FNDA:1,s21_is_equalal_47_fn
FN:2411,s21_is_equalal_48_fn
FNDA:1,s21_is_equalal_48_fn
FN:2430,s21_is_equalal_49_fn
FNDA:1,s21_is_equalal_49_fn
FN:2449,s21_is_equalal_50_fn
FNDA:1,s21_is_equalal_50_fn
FN:2468,s21_is_equalal_51_fn
FNDA:1,s21_is_equalal_51_fn
FN:2487,s21_is_equalal_52_fn
FNDA:1,s21_is_equalal_52_fn
FN:2506,s21_is_equalal_53_fn
FNDA:1,s21_is_equalal_53_fn
FN:2525,s21_is_equalal_54_fn
FNDA:1,s21_is_equalal_54_fn
FN:2544,s21_not_equal_1_1_fn
FNDA:1,s21_not_equal_1_1_fn
FN:2551,s21_not_equal_2_1_fn
FNDA:1,s21_not_equal_2_1_fn
FN:2558,s21_not_equal_3_fraction_1_fn
FNDA:1,s21_not_equal_3_fraction_1_fn
FN:2565,s21_not_equal_4_sign_1_fn
FNDA:1,s21_not_equal_4_sign_1_fn
FN:2572,s21_not_equal_5_sign_1_fn
FNDA:1,s21_not_equal_5_sign_1_fn
FN:2579,s21_not_equal_6_1_fn
FNDA:1,s21_not_equal_6_1_fn
FN:2586,s21_not_equal_7_1_fn
FNDA:1,s21_not_equal_7_1_fn
FN:2593,s21_not_equal_8_1_fn
FNDA:1,s21_not_equal_8_1_fn
FN:2601,s21_not_equal_9_ss_1_fn
FNDA:1,s21_not_equal_9_ss_1_fn
FN:2610,s21_not_equal_10_1_fn
FNDA:1,s21_not_equal_10_1_fn
FN:2617,s21_not_equal_11_zero_1_fn
FNDA:1,s21_not_equal_11_zero_1_fn
FN:2624,s21_not_equal_12_value_1_fn
FNDA:1,s21_not_equal_12_value_1_fn
FN:2633,s21_not_equal_13_value_1_fn
FNDA:1,s21_not_equal_13_value_1_fn
FN:2642,s21_not_equal_14_value_1_fn
FNDA:1,s21_not_equal_14_value_1_fn
FN:2651,s21_not_equal_1_fn
FNDA:1,s21_not_equal_1_fn
FN:2670,s21_not_equal_2_fn
FNDA:1,s21_not_equal_2_fn
FN:2689,s21_not_equal_3_fn
FNDA:1,s21_not_equal_3_fn
FN:2708,s21_not_equal_4_fn
FNDA:1,s21_not_equal_4_fn
FN:2727,s21_not_equal_5_fn
FNDA:1,s21_not_equal_5_fn
FN:2746,s21_not_equal_6_fn
FNDA:1,s21_not_equal_6_fn
FN:2765,s21_not_equal_7_fn
FNDA:1,s21_not_equal_7_fn
FN:2784,s21_not_equal_8_fn
FNDA:1,s21_not_equal_8_fn
FN:2803,s21_not_equal_9_fn
FNDA:1,s21_not_equal_9_fn
FN:2822,s21_not_equal_10_fn
FNDA:1,s21_not_equal_10_fn
FN:2841,s21_not_equal_11_fn
FNDA:1,s21_not_equal_11_fn
FN:2860,s21_not_equal_12_fn
FNDA:1,s21_not_equal_12_fn
FN:2879,s21_not_equal_13_fn
FNDA:1,s21_not_equal_13_fn
FN:2898,s21_not_equal_14_fn
FNDA:1,s21_not_equal_14_fn
FN:2917,s21_not_equal_15_fn
FNDA:1,s21_not_equal_15_fn
FN:2936,s21_not_equal_16_fn
FNDA:1,s21_not_equal_16_fn
FN:2955,s21_not_equal_17_fn
FNDA:1,s21_not_equal_17_fn
FN:2974,s21_not_equal_18_fn
FNDA:1,s21_not_equal_18_fn
FN:2993,s21_not_equal_19_fn
FNDA:1,s21_not_equal_19_fn
FN:3012,s21_not_equal_20_fn
FNDA:1,s21_not_equal_20_fn
FN:3031,s21_not_equal_21_fn
FNDA:1,s21_not_equal_21_fn
FN:3050,s21_not_equal_22_fn
FNDA:1,s21_not_equal_22_fn
FN:3069,s21_not_equal_23_fn
FNDA:1,s21_not_equal_23_fn
FN:3088,s21_not_equal_24_fn
FNDA:1,s21_not_equal_24_fn
FN:3107,s21_not_equal_25_fn
FNDA:1,s21_not_equal_25_fn
FN:3126,s21_not_equal_26_fn
FNDA:1,s21_not_equal_26_fn
FN:3145,s21_not_equal_27_fn
FNDA:1,s21_not_equal_27_fn
FN:3164,s21_not_equal_28_fn
FNDA:1,s21_not_equal_28_fn
FN:3183,s21_not_equal_29_fn
FNDA:1,s21_not_equal_29_fn
FN:3202,s21_not_equal_30_fn
FNDA:1,s21_not_equal_30_fn
FN:3221,s21_not_equal_31_fn
FNDA:1,s21_not_equal_31_fn
FN:3240,s21_not_equal_32_fn
FNDA:1,s21_not_equal_32_fn
FN:3259,s21_not_equal_33_fn
FNDA:1,s21_not_equal_33_fn
FN:3278,s21_not_equal_34_fn
FNDA:1,s21_not_equal_34_fn
FN:3297,s21_not_equal_35_fn
FNDA:1,s21_not_equal_35_fn
FN:3316,s21_not_equal_36_fn
FNDA:1,s21_not_equal_36_fn
FN:3335,s21_not_equal_37_fn
FNDA:1,s21_not_equal_37_fn
FN:3354,s21_not_equal_38_fn
FNDA:1,s21_not_equal_38_fn
FN:3373,s21_not_equal_39_fn
FNDA:1,s21_not_equal_39_fn
FN:3392,s21_not_equal_40_fn
FNDA:1,s21_not_equal_40_fn
FN:3411,s21_less_or_equal_1_fn
FNDA:1,s21_less_or_equal_1_fn
FN:3430,s21_less_or_equal_2_fn
FNDA:1,s21_less_or_equal_2_fn
FN:3449,s21_less_or_equal_3_fn
FNDA:1,s21_less_or_equal_3_fn
FN:3468,s21_less_or_equal_4_fn
FNDA:1,s21_less_or_equal_4_fn
FN:3487,s21_less_or_equal_5_fn
FNDA:1,s21_less_or_equal_5_fn
FN:3506,s21_less_or_equal_6_fn
FNDA:1,s21_less_or_equal_6_fn
FN:3525,s21_less_or_equal_7_fn
FNDA:1,s21_less_or_equal_7_fn
FN:3544,s21_less_or_equal_8_fn
FNDA:1,s21_less_or_equal_8_fn
FN:3563,s21_less_or_equal_9_fn
FNDA:1,s21_less_or_equal_9_fn
FN:3582,s21_less_or_equal_10_fn
FNDA:1,s21_less_or_equal_10_fn
FN:3601,s21_less_or_equal_11_fn
FNDA:1,s21_less_or_equal_11_fn
FN:3620,s21_less_or_equal_12_fn
FNDA:1,s21_less_or_equal_12_fn
FN:3639,s21_less_or_equal_13_fn
FNDA:1,s21_less_or_equal_13_fn
FN:3658,s21_less_or_equal_14_fn
FNDA:1,s21_less_or_equal_14_fn
FN:3677,s21_less_or_equal_15_fn
FNDA:1,s21_less_or_equal_15_fn
FN:3696,s21_less_or_equal_16_fn
FNDA:1,s21_less_or_equal_16_fn
FN:3715,s21_less_or_equal_17_fn
FNDA:1,s21_less_or_equal_17_fn
FN:3734,s21_less_or_equal_18_fn
FNDA:1,s21_less_or_equal_18_fn
FN:3753,s21_less_or_equal_19_fn
FNDA:1,s21_less_or_equal_19_fn
FN:3772,s21_less_or_equal_20_fn
FNDA:1,s21_less_or_equal_20_fn
FN:3791,s21_less_or_equal_21_fn
FNDA:1,s21_less_or_equal_21_fn
FN:3810,s21_less_or_equal_22_fn
FNDA:1,s21_less_or_equal_22_fn
FN:3829,s21_less_or_equal_23_fn
FNDA:1,s21_less_or_equal_23_fn
FN:3848,s21_less_or_equal_24_fn
FNDA:1,s21_less_or_equal_24_fn
FN:3867,s21_less_or_equal_25_fn
FNDA:1,s21_less_or_equal_25_fn
FN:3886,s21_less_or_equal_26_fn
FNDA:1,s21_less_or_equal_26_fn
FN:3905,s21_less_or_equal_27_fn
FNDA:1,s21_less_or_equal_27_fn
FN:3924,s21_less_or_equal_28_fn
FNDA:1,s21_less_or_equal_28_fn
FN:3943,s21_less_or_equal_29_fn
FNDA:1,s21_less_or_equal_29_fn
FN:3962,s21_less_or_equal_30_fn
FNDA:1,s21_less_or_equal_30_fn
FN:3981,s21_less_or_equal_31_fn
FNDA:1,s21_less_or_equal_31_fn
FN:4000,s21_less_or_equal_32_fn
FNDA:1,s21_less_or_equal_32_fn
FN:4019,s21_less_or_equal_33_fn
FNDA:1,s21_less_or_equal_33_fn
FN:4038,s21_less_or_equal_34_fn
FNDA:1,s21_less_or_equal_34_fn
FN:4057,s21_less_or_equal_35_fn
FNDA:1,s21_less_or_equal_35_fn
FN:4076,s21_less_or_equal_36_fn
FNDA:1,s21_less_or_equal_36_fn
FN:4095,s21_less_or_equal_37_fn
FNDA:1,s21_less_or_equal_37_fn
FN:4114,s21_less_or_equal_38_fn
FNDA:1,s21_less_or_equal_38_fn
FN:4133,s21_less_or_equal_39_fn
FNDA:1,s21_less_or_equal_39_fn
FN:4152,s21_less_or_equal_40_fn
FNDA:1,s21_less_or_equal_40_fn
FN:4171,s21_greater_1_fn
FNDA:1,s21_greater_1_fn
FN:4190,s21_greater_2_fn
FNDA:1,s21_greater_2_fn
FN:4209,s21_greater_3_fn
FNDA:1,s21_greater_3_fn
FN:4228,s21_greater_4_fn
FNDA:1,s21_greater_4_fn
FN:4247,s21_greater_5_fn
FNDA:1,s21_greater_5_fn
FN:4266,s21_greater_6_fn
FNDA:1,s21_greater_6_fn
FN:4285,s21_greater_7_fn
FNDA:1,s21_greater_7_fn
FN:4304,s21_greater_8_fn
FNDA:1,s21_greater_8_fn
FN:4323,s21_greater_9_fn
FNDA:1,s21_greater_9_fn
FN:4342,s21_greater_10_fn
FNDA:1,s21_greater_10_fn
FN:4361,s21_greater_11_fn
FNDA:1,s21_greater_11_fn
FN:4380,s21_greater_12_fn
FNDA:1,s21_greater_12_fn
FN:4399,s21_greater_13_fn
FNDA:1,s21_greater_13_fn
FN:4418,s21_greater_14_fn
FNDA:1,s21_greater_14_fn
FN:4437,s21_greater_15_fn
FNDA:1,s21_greater_15_fn
FN:4456,s21_greater_16_fn
FNDA:1,s21_greater_16_fn
FN:4475,s21_greater_17_fn
FNDA:1,s21_greater_17_fn
FN:4494,s21_greater_18_fn
FNDA:1,s21_greater_18_fn
FN:4513,s21_greater_19_fn
FNDA:1,s21_greater_19_fn
FN:4532,s21_greater_20_fn
FNDA:1,s21_greater_20_fn
FN:4551,s21_greater_21_fn
FNDA:1,s21_greater_21_fn
FN:4570,s21_greater_22_fn
FNDA:1,s21_greater_22_fn
FN:4589,s21_greater_23_fn
FNDA:1,s21_greater_23_fn
FN:4608,s21_greater_24_fn
FNDA:1,s21_greater_24_fn
FN:4627,s21_greater_25_fn
FNDA:1,s21_greater_25_fn
FN:4646,s21_greater_26_fn
FNDA:1,s21_greater_26_fn
FN:4665,s21_greater_27_fn
FNDA:1,s21_greater_27_fn
FN:4684,s21_greater_28_fn
FNDA:1,s21_greater_28_fn
FN:4703,s21_greater_29_fn
FNDA:1,s21_greater_29_fn
FN:4722,s21_greater_30_fn
FNDA:1,s21_greater_30_fn
FN:4741,s21_greater_31_fn
FNDA:1,s21_greater_31_fn
FN:4760,s21_greater_32_fn
FNDA:1,s21_greater_32_fn
FN:4779,s21_greater_33_fn
FNDA:1,s21_greater_33_fn
FN:4798,s21_greater_34_fn
FNDA:1,s21_greater_34_fn
FN:4817,s21_greater_35_fn
FNDA:1,s21_greater_35_fn
FN:4836,s21_greater_36_fn
FNDA:1,s21_greater_36_fn
FN:4855,s21_greater_37_fn
FNDA:1,s21_greater_37_fn
FN:4874,s21_greater_38_fn
FNDA:1,s21_greater_38_fn
FN:4893,s21_greater_39_fn
FNDA:1,s21_greater_39_fn
FN:4912,s21_greater_40_fn
FNDA:1,s21_greater_40_fn
FN:4931,s21_greater_or_equal_1_fn
FNDA:1,s21_greater_or_equal_1_fn
FN:4950,s21_greater_or_equal_2_fn
FNDA:1,s21_greater_or_equal_2_fn
FN:4969,s21_greater_or_equal_3_fn
FNDA:1,s21_greater_or_equal_3_fn
FN:4988,s21_greater_or_equal_4_fn
FNDA:1,s21_greater_or_equal_4_fn
FN:5007,s21_greater_or_equal_5_fn
FNDA:1,s21_greater_or_equal_5_fn
FN:5026,s21_greater_or_equal_6_fn
FNDA:1,s21_greater_or_equal_6_fn
FN:5045,s21_greater_or_equal_7_fn
FNDA:1,s21_greater_or_equal_7_fn
FN:5064,s21_greater_or_equal_8_fn
FNDA:1,s21_greater_or_equal_8_fn
FN:5083,s21_greater_or_equal_9_fn
FNDA:1,s21_greater_or_equal_9_fn
FN:5102,s21_greater_or_equal_10_fn
FNDA:1,s21_greater_or_equal_10_fn
FN:5121,s21_greater_or_equal_11_fn
FNDA:1,s21_greater_or_equal_11_fn
FN:5140,s21_greater_or_equal_12_fn
FNDA:1,s21_greater_or_equal_12_fn
FN:5159,s21_greater_or_equal_13_fn
FNDA:1,s21_greater_or_equal_13_fn
FN:5178,s21_greater_or_equal_14_fn
FNDA:1,s21_greater_or_equal_14_fn
FN:5197,s21_greater_or_equal_15_fn
FNDA:1,s21_greater_or_equal_15_fn
FN:5216,s21_greater_or_equal_16_fn
FNDA:1,s21_greater_or_equal_16_fn
FN:5235,s21_greater_or_equal_17_fn
FNDA:1,s21_greater_or_equal_17_fn
FN:5254,s21_greater_or_equal_18_fn
FNDA:1,s21_greater_or_equal_18_fn
FN:5273,s21_greater_or_equal_19_fn
FNDA:1,s21_greater_or_equal_19_fn
FN:5292,s21_greater_or_equal_20_fn
FNDA:1,s21_greater_or_equal_20_fn
FN:5311,s21_greater_or_equal_21_fn
FNDA:1,s21_greater_or_equal_21_fn
FN:5330,s21_greater_or_equal_22_fn
FNDA:1,s21_greater_or_equal_22_fn
FN:5349,s21_greater_or_equal_23_fn
FNDA:1,s21_greater_or_equal_23_fn
FN:5368,s21_greater_or_equal_24_fn
FNDA:1,s21_greater_or_equal_24_fn
FN:5387,s21_greater_or_equal_25_fn
FNDA:1,s21_greater_or_equal_25_fn
FN:5406,s21_greater_or_equal_26_fn
FNDA:1,s21_greater_or_equal_26_fn
FN:5425,s21_greater_or_equal_27_fn
FNDA:1,s21_greater_or_equal_27_fn
FN:5444,s21_greater_or_equal_28_fn
FNDA:1,s21_greater_or_equal_28_fn
FN:5463,s21_greater_or_equal_29_fn
FNDA:1,s21_greater_or_equal_29_fn
FN:5482,s21_greater_or_equal_30_fn
FNDA:1,s21_greater_or_equal_30_fn
FN:5501,s21_greater_or_equal_31_fn
FNDA:1,s21_greater_or_equal_31_fn
FN:5520,s21_greater_or_equal_32_fn
FNDA:1,s21_greater_or_equal_32_fn
FN:5539,s21_greater_or_equal_33_fn
FNDA:1,s21_greater_or_equal_33_fn
FN:5558,s21_greater_or_equal_34_fn
FNDA:1,s21_greater_or_equal_34_fn
FN:5577,s21_greater_or_equal_35_fn
FNDA:1,s21_greater_or_equal_35_fn
FN:5596,s21_greater_or_equal_36_fn
FNDA:1,s21_greater_or_equal_36_fn
FN:5615,s21_greater_or_equal_37_fn
FNDA:1,s21_greater_or_equal_37_fn
FN:5634,s21_greater_or_equal_38_fn
FNDA:1,s21_greater_or_equal_38_fn
FN:5653,s21_greater_or_equal_39_fn
FNDA:1,s21_greater_or_equal_39_fn
FN:5672,s21_greater_or_equal_40_fn
FNDA:1,s21_greater_or_equal_40_fn
FN:5691,s21_div_1_fn
FNDA:1,s21_div_1_fn
FN:5718,s21_div_2_fn
FNDA:1,s21_div_2_fn
FN:5734,s21_div_3_fn
FNDA:1,s21_div_3_fn
FN:5750,s21_div_4_fn
FNDA:1,s21_div_4_fn
FN:5777,s21_div_5_fn
FNDA:1,s21_div_5_fn
FN:5804,s21_div_7_fn
FNDA:1,s21_div_7_fn
FN:5822,s21_div_8_fn
FNDA:1,s21_div_8_fn
FN:5838,s21_div_10_fn
FNDA:1,s21_div_10_fn
FN:5854,s21_div_11_fn
FNDA:1,s21_div_11_fn
FN:5876,s21_mul_1_fn
FNDA:1,s21_mul_1_fn
FN:5903,s21_mul_2_fn
FNDA:1,s21_mul_2_fn
FN:5930,s21_mul_3_fn
FNDA:1,s21_mul_3_fn
FN:5957,s21_mul_4_fn
FNDA:1,s21_mul_4_fn
FN:5984,s21_mul_6_fn
FNDA:1,s21_mul_6_fn
FN:6011,s21_mul_7_fn
FNDA:1,s21_mul_7_fn
FN:6038,s21_mul_8_fn
FNDA:1,s21_mul_8_fn
FN:6065,s21_mul_9_fn
FNDA:1,s21_mul_9_fn
FN:6092,s21_mul_10_fn
FNDA:1,s21_mul_10_fn
FN:6119,s21_mul_11_fn
FNDA:1,s21_mul_11_fn
FN:6146,s21_mul_12_fn
FNDA:1,s21_mul_12_fn
FN:6173,s21_mul_13_fn
FNDA:1,s21_mul_13_fn
FN:6200,s21_mul_14_fn
FNDA:1,s21_mul_14_fn
FN:6227,s21_mul_23_fn
FNDA:1,s21_mul_23_fn
FN:6254,s21_mul_24_fn
FNDA:1,s21_mul_24_fn
FN:6281,s21_mul_25_fn
FNDA:1,s21_mul_25_fn
FN:6308,s21_mul_26_fn
FNDA:1,s21_mul_26_fn
FN:6335,s21_mul_27_fn
FNDA:1,s21_mul_27_fn
FN:6362,s21_mul_28_fn
FNDA:1,s21_mul_28_fn
FN:6389,s21_mul_33_fn
FNDA:1,s21_mul_33_fn
FN:6416,s21_round_1_fn
FNDA:1,s21_round_1_fn
FN:6438,s21_round_2_fn
FNDA:1,s21_round_2_fn
FN:6460,s21_round_3_fn
FNDA:1,s21_round_3_fn
FN:6482,s21_round_4_fn
FNDA:1,s21_round_4_fn
FN:6504,s21_round_7_fn
FNDA:1,s21_round_7_fn
FN:6526,s21_round_8_fn
FNDA:1,s21_round_8_fn
FN:6548,s21_round_9_fn
FNDA:1,s21_round_9_fn
FN:6570,s21_round_10_fn
FNDA:1,s21_round_10_fn
FN:6592,s21_round_11_fn
FNDA:1,s21_round_11_fn
FN:6614,s21_round_12_fn
FNDA:1,s21_round_12_fn
FN:6636,s21_round_13_fn
FNDA:1,s21_round_13_fn
FN:6658,s21_round_14_fn
FNDA:1,s21_round_14_fn
FN:6680,s21_round_15_fn
FNDA:1,s21_round_15_fn
FN:6702,s21_round_16_fn
FNDA:1,s21_round_16_fn
FN:6724,s21_round_17_fn
FNDA:1,s21_round_17_fn
FN:6746,s21_round_18_fn
FNDA:1,s21_round_18_fn
FN:6768,s21_round_19_fn
FNDA:1,s21_round_19_fn
FN:6790,s21_round_20_fn
FNDA:1,s21_round_20_fn
FN:6812,s21_round_21_fn
FNDA:1,s21_round_21_fn
FN:6834,s21_round_23_fn
FNDA:1,s21_round_23_fn
FN:6856,s21_round_24_fn
FNDA:1,s21_round_24_fn
FN:6878,s21_floor_1_fn
FNDA:1,s21_floor_1_fn
FN:6900,s21_floor_2_fn
FNDA:1,s21_floor_2_fn
FN:6922,s21_floor_3_fn
FNDA:1,s21_floor_3_fn
FN:6944,s21_floor_4_fn
FNDA:1,s21_floor_4_fn
FN:6966,s21_floor_6_fn
FNDA:1,s21_floor_6_fn
FN:6988,s21_floor_7_fn
FNDA:1,s21_floor_7_fn
FN:7010,s21_floor_8_fn
FNDA:1,s21_floor_8_fn
FN:7032,s21_floor_9_fn
FNDA:1,s21_floor_9_fn
FN:7054,s21_floor_10_fn
FNDA:1,s21_floor_10_fn
FN:7076,s21_floor_11_fn
FNDA:1,s21_floor_11_fn
FN:7098,s21_floor_12_fn
FNDA:1,s21_floor_12_fn
FN:7120,s21_floor_13_fn
FNDA:1,s21_floor_13_fn
FN:7142,s21_floor_14_fn
FNDA:1,s21_floor_14_fn
FN:7164,s21_floor_15_fn
FNDA:1,s21_floor_15_fn
FN:7186,s21_floor_16_fn
FNDA:1,s21_floor_16_fn
FN:7208,s21_floor_17_fn
FNDA:1,s21_floor_17_fn
FN:7230,s21_floor_18_fn
FNDA:1,s21_floor_18_fn
FN:7252,s21_floor_19_fn
FNDA:1,s21_floor_19_fn
FN:7274,s21_floor_20_fn
FNDA:1,s21_floor_20_fn
FN:7296,s21_floor_21_fn
FNDA:1,s21_floor_21_fn
FN:7318,s21_floor_22_fn
FNDA:1,s21_floor_22_fn
FN:7340,s21_floor_23_fn
FNDA:1,s21_floor_23_fn
FN:7362,s21_floor_24_fn
FNDA:1,s21_floor_24_fn
FN:7384,s21_sub_1_fn
FNDA:1,s21_sub_1_fn
FN:7411,s21_sub_2_fn
FNDA:1,s21_sub_2_fn
FN:7438,s21_sub_3_fn
FNDA:1,s21_sub_3_fn
FN:7465,s21_sub_4_fn
FNDA:1,s21_sub_4_fn
FN:7492,s21_sub_6_fn
FNDA:1,s21_sub_6_fn
FN:7519,s21_sub_7_fn
FNDA:1,s21_sub_7_fn
FN:7546,s21_sub_8_fn
FNDA:1,s21_sub_8_fn
FN:7573,s21_sub_9_fn
FNDA:1,s21_sub_9_fn
FN:7600,s21_sub_10_fn
FNDA:1,s21_sub_10_fn
FN:7627,s21_sub_11_fn
FNDA:1,s21_sub_11_fn
FN:7654,s21_sub_15_fn
FNDA:1,s21_sub_15_fn
FN:7681,s21_sub_16_fn
FNDA:1,s21_sub_16_fn
FN:7708,s21_sub_17_fn
FNDA:1,s21_sub_17_fn
FN:7735,s21_sub_22_fn
FNDA:1,s21_sub_22_fn
FN:7762,s21_sub_23_fn
FNDA:1,s21_sub_23_fn
FN:7789,s21_sub_24_fn
FNDA:1,s21_sub_24_fn
FN:7816,s21_sub_26_fn
FNDA:1,s21_sub_26_fn
FN:7843,s21_sub_28_fn
FNDA:1,s21_sub_28_fn
FN:7870,s21_sub_30_fn
FNDA:1,s21_sub_30_fn
FN:7897,s21_sub_35_fn
FNDA:1,s21_sub_35_fn
FN:7924,s21_sub_36_fn
FNDA:1,s21_sub_36_fn
FN:7951,s21_sub_39_fn
FNDA:1,s21_sub_39_fn
FN:7978,s21_sub_51_fn
FNDA:1,s21_sub_51_fn
FN:8005,s21_sub_52_fn
FNDA:1,s21_sub_52_fn
FN:8032,s21_sub_53_fn
FNDA:1,s21_sub_53_fn
FN:8059,int_to_dec_1_fn
FNDA:1,int_to_dec_1_fn
FN:8076,int_to_dec_2_fn
FNDA:1,int_to_dec_2_fn
FN:8093,int_to_dec_3_fn
FNDA:1,int_to_dec_3_fn
FN:8110,int_to_dec_4_fn
FNDA:1,int_to_dec_4_fn
FN:8127,int_to_dec_5_fn
FNDA:1,int_to_dec_5_fn
FN:8144,int_to_dec_6_fn
FNDA:1,int_to_dec_6_fn
FN:8161,int_to_dec_7_fn
FNDA:1,int_to_dec_7_fn
FN:8178,int_to_dec_8_fn
FNDA:1,int_to_dec_8_fn
FN:8195,int_to_dec_9_fn
FNDA:1,int_to_dec_9_fn
FN:8212,int_to_dec_10_fn
FNDA:1,int_to_dec_10_fn
FN:8229,int_to_dec_11_fn
FNDA:1,int_to_dec_11_fn
FN:8246,int_to_dec_12_fn
FNDA:1,int_to_dec_12_fn
FN:8263,int_to_dec_13_fn
FNDA:1,int_to_dec_13_fn
FN:8280,int_to_dec_14_fn
FNDA:1,int_to_dec_14_fn
FN:8297,int_to_dec_15_fn
FNDA:1,int_to_dec_15_fn
FN:8314,int_to_dec_16_fn
FNDA:1,int_to_dec_16_fn
FN:8331,int_to_dec_17_fn
FNDA:1,int_to_dec_17_fn
FN:8348,int_to_dec_18_fn
FNDA:1,int_to_dec_18_fn
FN:8365,int_to_dec_19_fn
FNDA:1,int_to_dec_19_fn
FN:8382,int_to_dec_20_fn
FNDA:1,int_to_dec_20_fn
FN:8399,int_to_dec_21_fn
FNDA:1,int_to_dec_21_fn
FN:8416,dec_to_int_1_fn
FNDA:1,dec_to_int_1_fn
FN:8431,dec_to_int_2_fn
FNDA:1,dec_to_int_2_fn
FN:8446,dec_to_int_3_fn
FNDA:1,dec_to_int_3_fn
FN:8461,dec_to_int_4_fn
FNDA:1,dec_to_int_4_fn
FN:8476,dec_to_int_5_fn
FNDA:1,dec_to_int_5_fn
FN:8491,dec_to_int_7_fn
FNDA:1,dec_to_int_7_fn
FN:8506,dec_to_int_8_fn
FNDA:1,dec_to_int_8_fn
FN:8521,dec_to_int_9_fn
FNDA:1,dec_to_int_9_fn
FN:8536,dec_to_int_10_fn
FNDA:1,dec_to_int_10_fn
FN:8551,dec_to_int_11_fn
FNDA:1,dec_to_int_11_fn
FN:8566,dec_to_int_12_fn
FNDA:1,dec_to_int_12_fn
FN:8581,dec_to_int_13_fn
FNDA:1,dec_to_int_13_fn
FN:8596,dec_to_int_14_fn
FNDA:1,dec_to_int_14_fn
FN:8611,dec_to_int_15_fn
FNDA:1,dec_to_int_15_fn
FN:8626,dec_to_int_16_fn
FNDA:1,dec_to_int_16_fn
FN:8641,dec_to_int_17_fn
FNDA:1,dec_to_int_17_fn
FN:8656,dec_to_int_18_fn
FNDA:1,dec_to_int_18_fn
FN:8671,dec_to_int_19_fn
FNDA:1,dec_to_int_19_fn
FN:8686,dec_to_int_20_fn
FNDA:1,dec_to_int_20_fn
FN:8701,dec_to_int_21_fn
FNDA:1,dec_to_int_21_fn
FN:8716,dec_to_int_23_fn
FNDA:1,dec_to_int_23_fn
FN:8731,dec_to_int_24_fn
FNDA:1,dec_to_int_24_fn
FN:8746,dec_to_float_1_fn
FNDA:1,dec_to_float_1_fn
FN:8765,dec_to_float_2_fn
FNDA:1,dec_to_float_2_fn
FN:8784,dec_to_float_3_fn
FNDA:1,dec_to_float_3_fn
FN:8803,dec_to_float_4_fn
FNDA:1,dec_to_float_4_fn
FN:8822,dec_to_float_5_fn
FNDA:1,dec_to_float_5_fn
FN:8841,dec_to_float_6_fn
FNDA:1,dec_to_float_6_fn
FN:8860,dec_to_float_7_fn
FNDA:1,dec_to_float_7_fn
FN:8879,dec_to_float_8_fn
FNDA:1,dec_to_float_8_fn
FN:8898,dec_to_float_9_fn
FNDA:1,dec_to_float_9_fn
FN:8917,dec_to_float_10_fn
FNDA:1,dec_to_float_10_fn
FN:8936,dec_to_float_11_fn
FNDA:1,dec_to_float_11_fn
FN:8955,dec_to_float_12_fn
FNDA:1,dec_to_float_12_fn
FN:8974,dec_to_float_13_fn
FNDA:1,dec_to_float_13_fn
FN:8993,dec_to_float_14_fn
FNDA:1,dec_to_float_14_fn
FN:9012,dec_to_float_17_fn
FNDA:1,dec_to_float_17_fn
FN:9031,dec_to_float_18_fn
FNDA:1,dec_to_float_18_fn
FN:9050,dec_to_float_19_fn
FNDA:1,dec_to_float_19_fn
FN:9069,dec_to_float_20_fn
FNDA:1,dec_to_float_20_fn
FN:9088,dec_to_float_21_fn
FNDA:1,dec_to_float_21_fn
FN:9107,dec_to_float_22_fn
FNDA:1,dec_to_float_22_fn
FN:9162,dec_to_float_25_fn
FNDA:1,dec_to_float_25_fn
FN:9181,dec_to_float_26_fn
FNDA:1,dec_to_float_26_fn
FN:9200,dec_to_float_27_fn
FNDA:1,dec_to_float_27_fn
FN:9219,dec_to_float_28_fn
FNDA:1,dec_to_float_28_fn
FN:9238,dec_to_float_29_fn
FNDA:1,dec_to_float_29_fn
FN:9257,dec_to_float_31_fn
FNDA:1,dec_to_float_31_fn
FN:9276,dec_to_float_33_fn
FNDA:1,dec_to_float_33_fn
FN:9295,dec_to_float_34_fn
FNDA:1,dec_to_float_34_fn
FN:9314,dec_to_float_35_fn
FNDA:1,dec_to_float_35_fn
FN:9333,dec_to_float_36_fn
FNDA:1,dec_to_float_36_fn
FN:9352,s21_from_float_to_decimal_1_fn
FNDA:1,s21_from_float_to_decimal_1_fn
FN:9368,s21_from_float_to_decimal_2_fn
FNDA:1,s21_from_float_to_decimal_2_fn
FN:9388,s21_from_float_to_decimal_4_fn
FNDA:1,s21_from_float_to_decimal_4_fn
FN:9400,s21_from_float_to_decimal_5_fn
FNDA:1,s21_from_float_to_decimal_5_fn
FN:9412,s21_from_float_to_decimal_6_fn
FNDA:1,s21_from_float_to_decimal_6_fn
FN:9424,s21_from_float_to_decimal_7_fn
FNDA:1,s21_from_float_to_decimal_7_fn
FN:9434,s21_negate_1_fn
FNDA:1,s21_negate_1_fn
FN:9456,s21_negate_2_fn
FNDA:1,s21_negate_2_fn
FN:9478,s21_negate_3_fn
FNDA:1,s21_negate_3_fn
FN:9500,s21_negate_4_fn
FNDA:1,s21_negate_4_fn
FN:9522,s21_negate_5_fn
FNDA:1,s21_negate_5_fn
FN:9544,s21_negate_6_fn
FNDA:1,s21_negate_6_fn
FN:9566,s21_negate_7_fn
FNDA:1,s21_negate_7_fn
FN:9588,s21_negate_8_fn
FNDA:1,s21_negate_8_fn
FN:9610,s21_negate_9_fn
FNDA:1,s21_negate_9_fn
FN:9632,s21_negate_10_fn
FNDA:1,s21_negate_10_fn
FN:9654,s21_negate_11_fn
FNDA:1,s21_negate_11_fn
FN:9676,s21_negate_12_fn
FNDA:1,s21_negate_12_fn
FN:9698,s21_negate_13_fn
FNDA:1,s21_negate_13_fn
FN:9720,s21_negate_14_fn
FNDA:1,s21_negate_14_fn
FN:9742,s21_negate_15_fn
FNDA:1,s21_negate_15_fn
FN:9764,s21_negate_16_fn
FNDA:1,s21_negate_16_fn
FN:9786,s21_negate_17_fn
FNDA:1,s21_negate_17_fn
FN:9808,s21_negate_18_fn
FNDA:1,s21_negate_18_fn
FN:9830,s21_negate_19_fn
FNDA:1,s21_negate_19_fn
FN:9852,s21_negate_20_fn
FNDA:1,s21_negate_20_fn
FN:9874,s21_negate_21_fn
FNDA:1,s21_negate_21_fn
FN:9896,s21_negate_22_fn
FNDA:1,s21_negate_22_fn
FN:9918,s21_negate_23_fn
FNDA:1,s21_negate_23_fn
FN:9940,s21_negate_24_fn
FNDA:1,s21_negate_24_fn
FN:9962,s21_negate_25_fn
FNDA:1,s21_negate_25_fn
FN:9984,s21_negate_26_fn
FNDA:1,s21_negate_26_fn
FN:10006,s21_negate_27_fn
FNDA:1,s21_negate_27_fn
FN:10028,s21_negate_28_fn
FNDA:1,s21_negate_28_fn
FN:10050,s21_negate_29_fn
FNDA:1,s21_negate_29_fn
FN:10072,s21_negate_30_fn
FNDA:1,s21_negate_30_fn
FN:10094,s21_negate_31_fn
FNDA:1,s21_negate_31_fn
FN:10116,s21_negate_32_fn
FNDA:1,s21_negate_32_fn
FN:10138,s21_negate_33_fn
FNDA:1,s21_negate_33_fn
FN:10160,s21_negate_34_fn
FNDA:1,s21_negate_34_fn
FN:10182,s21_negate_35_fn
FNDA:1,s21_negate_35_fn
FN:10204,s21_negate_36_fn
FNDA:1,s21_negate_36_fn
FN:10226,s21_negate_37_fn
FNDA:1,s21_negate_37_fn
FN:10248,s21_negate_38_fn
FNDA:1,s21_negate_38_fn
FN:10270,s21_negate_39_fn
FNDA:1,s21_negate_39_fn
FN:10292,s21_negate_40_fn
FNDA:1,s21_negate_40_fn
FN:10314,s21_negate_41_fn
FNDA:1,s21_negate_41_fn
FN:10336,s21_negate_42_fn
FNDA:1,s21_negate_42_fn
FN:10358,s21_truncate_1_fn
FNDA:1,s21_truncate_1_fn
FN:10380,s21_truncate_2_fn
FNDA:1,s21_truncate_2_fn
FN:10402,s21_truncate_3_fn
FNDA:1,s21_truncate_3_fn
FN:10424,s21_truncate_5_fn
FNDA:1,s21_truncate_5_fn
FN:10446,s21_truncate_6_fn
FNDA:1,s21_truncate_6_fn
FN:10468,s21_truncate_7_fn
FNDA:1,s21_truncate_7_fn
FN:10490,s21_truncate_8_fn
FNDA:1,s21_truncate_8_fn
FN:10512,s21_truncate_9_fn
FNDA:1,s21_truncate_9_fn
FN:10534,s21_truncate_10_fn
FNDA:1,s21_truncate_10_fn
FN:10556,s21_truncate_11_fn
FNDA:1,s21_truncate_11_fn
FN:10578,s21_truncate_12_fn
FNDA:1,s21_truncate_12_fn
FN:10600,s21_truncate_13_fn
FNDA:1,s21_truncate_13_fn
FN:10622,s21_truncate_14_fn
FNDA:1,s21_truncate_14_fn
FN:10644,s21_truncate_15_fn
FNDA:1,s21_truncate_15_fn
FN:10666,s21_truncate_16_fn
FNDA:1,s21_truncate_16_fn
FN:10688,s21_truncate_17_fn
FNDA:1,s21_truncate_17_fn
FN:10710,s21_truncate_18_fn
FNDA:1,s21_truncate_18_fn
FN:10732,s21_truncate_19_fn
FNDA:1,s21_truncate_19_fn
FN:10754,s21_truncate_20_fn
FNDA:1,s21_truncate_20_fn
FN:10776,s21_truncate_21_fn
FNDA:1,s21_truncate_21_fn
FN:10798,s21_truncate_22_fn
FNDA:1,s21_truncate_22_fn
FN:10820,s21_truncate_23_fn
FNDA:1,s21_truncate_23_fn
FN:10842,s21_truncate_24_fn
FNDA:1,s21_truncate_24_fn
FN:10864,s21_truncate_25_fn
FNDA:1,s21_truncate_25_fn
FN:10886,s21_truncate_26_fn
FNDA:1,s21_truncate_26_fn
FN:10908,s21_truncate_27_fn
FNDA:1,s21_truncate_27_fn
FN:10930,s21_truncate_28_fn
FNDA:1,s21_truncate_28_fn
FN:10952,s21_truncate_29_fn
FNDA:1,s21_truncate_29_fn
FN:10974,s21_truncate_30_fn
FNDA:1,s21_truncate_30_fn
FN:10996,s21_truncate_31_fn
FNDA:1,s21_truncate_31_fn
FN:11018,s21_truncate_32_fn
FNDA:1,s21_truncate_32_fn
FN:11040,s21_truncate_33_fn
FNDA:1,s21_truncate_33_fn
FN:11062,s21_truncate_34_fn
FNDA:1,s21_truncate_34_fn
FN:11084,s21_truncate_35_fn
FNDA:1,s21_truncate_35_fn
FN:11106,s21_truncate_36_fn
FNDA:1,s21_truncate_36_fn
FN:11128,s21_truncate_37_fn
FNDA:1,s21_truncate_37_fn
FN:11150,s21_truncate_38_fn
FNDA:1,s21_truncate_38_fn
FN:11172,s21_truncate_39_fn
FNDA:1,s21_truncate_39_fn
FN:11194,s21_truncate_40_fn
FNDA:1,s21_truncate_40_fn
FN:11216,s21_truncate_42_fn
FNDA:1,s21_truncate_42_fn
FN:11238,srunner_add_comparsion_tests
FNDA:1,srunner_add_comparsion_tests
FN:11523,srunner_add_arithmetic_tests
FNDA:1,srunner_add_arithmetic_tests
FN:11740,srunner_add_cast_tests
FNDA:1,srunner_add_cast_tests
FN:11829,main
FNDA:1,main
DA:10,1
DA:15,1
DA:16,1
DA:17,1
DA:18,1
DA:19,1
DA:20,1
DA:21,1
DA:22,1
DA:23,1
DA:24,1
DA:25,1
DA:26,1
DA:27,1
DA:28,1
DA:29,1
DA:30,1
DA:31,1
DA:32,1
DA:33,1
DA:34,1
DA:37,1
DA:42,1
DA:43,1
DA:44,1
DA:45,1
DA:46,1
DA:47,1
DA:48,1
DA:49,1
DA:50,1
DA:51,1
DA:52,1
DA:53,1
DA:54,1
DA:55,1
DA:56,1
DA:57,1
DA:58,1
DA:59,1
DA:60,1
DA:61,1
DA:64,1
DA:69,1
DA:70,1
DA:71,1
DA:72,1
DA:73,1
DA:74,1
DA:75,1
DA:76,1
DA:77,1
DA:78,1
DA:79,1
DA:80,1
DA:81,1
DA:82,1
DA:83,1
DA:84,1
DA:85,1
DA:86,1
DA:87,1
DA:88,1
DA:91,1
DA:96,1
DA:97,1
DA:98,1
DA:99,1
DA:100,1
DA:101,1
DA:102,1
DA:103,1
DA:104,1
DA:105,1
DA:106,1
DA:107,1
DA:108,1
DA:109,1
DA:110,1
DA:111,1
DA:112,1
DA:113,1
DA:114,1
DA:115,1
DA:118,1
DA:123,1
DA:124,1
DA:125,1
DA:126,1
DA:127,1
DA:128,1
DA:129,1
DA:130,1
DA:131,1
DA:132,1
DA:133,1
DA:134,1
DA:135,1
DA:136,1
DA:137,1
DA:138,1
DA:139,1
DA:140,1
DA:141,1
DA:142,1
DA:145,1
DA:150,1
DA:151,1
DA:152,1
DA:153,1
DA:154,1
DA:155,1
DA:156,1
DA:157,1
DA:158,1
DA:159,1
DA:160,1
DA:161,1
DA:162,1
DA:163,1
DA:164,1
DA:165,1
DA:166,1
DA:167,1
DA:168,1
DA:169,1
DA:172,1
DA:177,1
DA:178,1
DA:179,1
DA:180,1
DA:181,1
DA:182,1
DA:183,1
DA:184,1
DA:185,1
DA:186,1
DA:187,1
DA:188,1
DA:189,1
DA:190,1
DA:191,1
DA:192,1
DA:193,1
DA:194,1
DA:195,1
DA:196,1
DA:199,1
DA:204,1
DA:205,1
DA:206,1
DA:207,1
DA:208,1
DA:209,1
DA:210,1
DA:211,1
DA:212,1
DA:213,1
DA:214,1
DA:215,1
DA:216,1
DA:217,1
DA:218,1
DA:219,1
DA:220,1
DA:221,1
DA:222,1
DA:223,1
DA:226,1
DA:231,1
DA:232,1
DA:233,1
DA:234,1
DA:235,1
DA:236,1
DA:237,1
DA:238,1
DA:239,1
DA:240,1
DA:241,1
DA:242,1
DA:243,1
DA:244,1
DA:245,1
DA:246,1
DA:247,1
DA:248,1
DA:249,1
DA:250,1
DA:253,1
DA:258,1
DA:259,1
DA:260,1
DA:261,1
DA:262,1
DA:263,1
DA:264,1
DA:265,1
DA:266,1
DA:267,1
DA:268,1
DA:269,1
DA:270,1
DA:271,1
DA:272,1
DA:273,1
DA:274,1
DA:275,1
DA:276,1
DA:277,1
DA:280,1
DA:285,1
DA:286,1
DA:287,1
DA:288,1
DA:289,1
DA:290,1
DA:291,1
DA:292,1
DA:293,1
DA:294,1
DA:295,1
DA:296,1
DA:297,1
DA:298,1
DA:299,1
DA:300,1
DA:301,1
DA:302,1
DA:303,1
DA:304,1
DA:307,1
DA:312,1
DA:313,1
DA:314,1
DA:315,1
DA:316,1
DA:317,1
DA:318,1
DA:319,1
DA:320,1
DA:321,1
DA:322,1
DA:323,1
DA:324,1
DA:325,1
DA:326,1
DA:327,1
DA:328,1
DA:329,1
DA:330,1
DA:331,1
DA:334,1
DA:339,1
DA:340,1
DA:341,1
DA:342,1
DA:343,1
DA:344,1
DA:345,1
DA:346,1
DA:347,1
DA:348,1
DA:349,1
DA:350,1
DA:351,1
DA:352,1
DA:353,1
DA:354,1
DA:355,1
DA:356,1
DA:357,1
DA:358,1
DA:361,1
DA:366,1
DA:367,1
DA:368,1
DA:369,1
DA:370,1
DA:371,1
DA:372,1
DA:373,1
DA:374,1
DA:375,1
DA:376,1
DA:377,1
DA:378,1
DA:379,1
DA:380,1
DA:381,1
DA:382,1
DA:383,1
DA:384,1
DA:385,1
DA:388,1
DA:393,1
DA:394,1
DA:395,1
DA:396,1
DA:397,1
DA:398,1
DA:399,1
DA:400,1
DA:401,1
DA:402,1
DA:403,1
DA:404,1
DA:405,1
DA:406,1
DA:407,1
DA:408,1
DA:409,1
DA:410,1
DA:411,1
DA:412,1
DA:415,1
DA:420,1
DA:421,1
DA:422,1
DA:423,1
DA:424,1
DA:425,1
DA:426,1
DA:427,1
DA:428,1
DA:429,1
DA:430,1
DA:431,1
DA:432,1
DA:433,1
DA:434,1
DA:435,1
DA:436,1
DA:437,1
DA:438,1
DA:439,1
DA:442,1
DA:447,1
DA:448,1
DA:449,1
DA:450,1
DA:451,1
DA:452,1
DA:453,1
DA:454,1
DA:455,1
DA:456,1
DA:457,1
DA:458,1
DA:459,1
DA:460,1
DA:461,1
DA:462,1
DA:463,1
DA:464,1
DA:465,1
DA:466,1
DA:469,1
DA:474,1
DA:475,1
DA:476,1
DA:477,1
DA:478,1
DA:479,1
DA:480,1
DA:481,1
DA:482,1
DA:483,1
DA:484,1
DA:485,1
DA:486,1
DA:487,1
DA:488,1
DA:489,1
DA:490,1
DA:491,1
DA:492,1
DA:493,1
DA:496,1
DA:501,1
DA:502,1
DA:503,1
DA:504,1
DA:505,1
DA:506,1
DA:507,1
DA:508,1
DA:509,1
DA:510,1
DA:511,1
DA:512,1
DA:513,1
DA:514,1
DA:515,1
DA:516,1
DA:517,1
DA:518,1
DA:519,1
DA:520,1
DA:523,1
DA:528,1
DA:529,1
DA:530,1
DA:531,1
DA:532,1
DA:533,1
DA:534,1
DA:535,1
DA:536,1
DA:537,1
DA:538,1
DA:539,1
DA:540,1
DA:541,1
DA:542,1
DA:543,1
DA:544,1
DA:545,1
DA:546,1
DA:547,1
DA:550,1
DA:555,1
DA:556,1
DA:557,1
DA:558,1
DA:559,1
DA:560,1
DA:561,1
DA:562,1
DA:563,1
DA:564,1
DA:565,1
DA:566,1
DA:567,1
DA:568,1
DA:569,1
DA:570,1
DA:571,1
DA:572,1
DA:573,1
DA:574,1
DA:577,1
DA:582,1
DA:583,1
DA:584,1
DA:585,1
DA:586,1
DA:587,1
DA:588,1
DA:589,1
DA:590,1
DA:591,1
DA:592,1
DA:593,1
DA:594,1
DA:595,1
DA:596,1
DA:597,1
DA:598,1
DA:599,1
DA:600,1
DA:601,1
DA:604,1
DA:609,1
DA:610,1
DA:611,1
DA:612,1
DA:613,1
DA:614,1
DA:615,1
DA:616,1
DA:617,1
DA:618,1
DA:619,1
DA:620,1
DA:621,1
DA:622,1
DA:623,1
DA:624,1
DA:625,1
DA:626,1
DA:627,1
DA:628,1
DA:631,1
DA:636,1
DA:637,1
DA:638,1
DA:639,1
DA:640,1
DA:641,1
DA:642,1
DA:643,1
DA:644,1
DA:645,1
DA:646,1
DA:647,1
DA:648,1
DA:649,1
DA:650,1
DA:651,1
DA:652,1
DA:653,1
DA:654,1
DA:655,1
DA:658,1
DA:663,1
DA:664,1
DA:665,1
DA:666,1
DA:667,1
DA:668,1
DA:669,1
DA:670,1
DA:671,1
DA:672,1
DA:673,1
DA:674,1
DA:675,1
DA:676,1
DA:677,1
DA:678,1
DA:679,1
DA:680,1
DA:681,1
DA:682,1
DA:685,1
DA:690,1
DA:691,1
DA:692,1
DA:693,1
DA:694,1
DA:695,1
DA:696,1
DA:697,1
DA:698,1
DA:699,1
DA:700,1
DA:701,1
DA:702,1
DA:703,1
DA:704,1
DA:705,1
DA:706,1
DA:707,1
DA:708,1
DA:709,1
DA:712,1
DA:717,1
DA:718,1
DA:719,1
DA:720,1
DA:721,1
DA:722,1
DA:723,1
DA:724,1
DA:725,1
DA:726,1
DA:727,1
DA:728,1
DA:729,1
DA:730,1
DA:731,1
DA:732,1
DA:733,1
DA:734,1
DA:735,1
DA:736,1
DA:739,1
DA:744,1
DA:745,1
DA:746,1
DA:747,1
DA:748,1
DA:749,1
DA:750,1
DA:751,1
DA:752,1
DA:753,1
DA:754,1
DA:755,1
DA:756,1
DA:757,1
DA:758,1
DA:759,1
DA:760,1
DA:761,1
DA:762,1
DA:763,1
DA:766,1
DA:771,1
DA:772,1
DA:773,1
DA:774,1
DA:775,1
DA:776,1
DA:777,1
DA:778,1
DA:779,1
DA:780,1
DA:781,1
DA:782,1
DA:783,1
DA:784,1
DA:785,1
DA:786,1
DA:787,1
DA:788,1
DA:789,1
DA:790,1
DA:793,1
DA:798,1
DA:799,1
DA:800,1
DA:801,1
DA:802,1
DA:803,1
DA:804,1
DA:805,1
DA:806,1
DA:807,1
DA:808,1
DA:809,1
DA:810,1
DA:811,1
DA:812,1
DA:813,1
DA:814,1
DA:815,1
DA:816,1
DA:817,1
DA:820,1
DA:821,1
DA:822,1
DA:823,1
DA:824,1
DA:827,1
DA:828,1
DA:829,1
DA:830,1
DA:831,1
DA:834,1
DA:835,1
DA:836,1
DA:837,1
DA:838,1
DA:841,1
DA:842,1
DA:843,1
DA:844,1
DA:845,1
DA:848,1
DA:849,1
DA:850,1
DA:851,1
DA:852,1
DA:855,1
DA:856,1
DA:857,1
DA:858,1
DA:859,1
DA:862,1
DA:863,1
DA:864,1
DA:865,1
DA:866,1
DA:869,1
DA:870,1
DA:871,1
DA:872,1
DA:873,1
DA:876,1
DA:877,1
DA:878,1
DA:879,1
DA:880,1
DA:883,1
DA:884,1
DA:886,1
DA:888,1
DA:889,1
DA:892,1
DA:893,1
DA:895,1
DA:897,1
DA:898,1
DA:901,1
DA:906,1
DA:907,1
DA:908,1
DA:909,1
DA:910,1
DA:911,1
DA:912,1
DA:913,1
DA:914,1
DA:915,1
DA:916,1
DA:917,1
DA:920,1
DA:925,1
DA:926,1
DA:927,1
DA:928,1
DA:929,1
DA:930,1
DA:931,1
DA:932,1
DA:933,1
DA:934,1
DA:935,1
DA:936,1
DA:939,1
DA:944,1
DA:945,1
DA:946,1
DA:947,1
DA:948,1
DA:949,1
DA:950,1
DA:951,1
DA:952,1
DA:953,1
DA:954,1
DA:955,1
DA:958,1
DA:963,1
DA:964,1
DA:965,1
DA:966,1
DA:967,1
DA:968,1
DA:969,1
DA:970,1
DA:971,1
DA:972,1
DA:973,1
DA:974,1
DA:977,1
DA:982,1
DA:983,1
DA:984,1
DA:985,1
DA:986,1
DA:987,1
DA:988,1
DA:989,1
DA:990,1
DA:991,1
DA:992,1
DA:993,1
DA:996,1
DA:1001,1
DA:1002,1
DA:1003,1
DA:1004,1
DA:1005,1
DA:1006,1
DA:1007,1
DA:1008,1
DA:1009,1
DA:1010,1
DA:1011,1
DA:1012,1
DA:1015,1
DA:1020,1
DA:1021,1
DA:1022,1
DA:1023,1
DA:1024,1
DA:1025,1
DA:1026,1
DA:1027,1
DA:1028,1
DA:1029,1
DA:1030,1
DA:1031,1
DA:1034,1
DA:1039,1
DA:1040,1
DA:1041,1
DA:1042,1
DA:1043,1
DA:1044,1
DA:1045,1
DA:1046,1
DA:1047,1
DA:1048,1
DA:1049,1
DA:1050,1
DA:1053,1
DA:1058,1
DA:1059,1
DA:1060,1
DA:1061,1
DA:1062,1
DA:1063,1
DA:1064,1
DA:1065,1
DA:1066,1
DA:1067,1
DA:1068,1
DA:1069,1
DA:1072,1
DA:1077,1
DA:1078,1
DA:1079,1
DA:1080,1
DA:1081,1
DA:1082,1
DA:1083,1
DA:1084,1
DA:1085,1
DA:1086,1
DA:1087,1
DA:1088,1
DA:1091,1
DA:1096,1
DA:1097,1
DA:1098,1
DA:1099,1
DA:1100,1
DA:1101,1
DA:1102,1
DA:1103,1
DA:1104,1
DA:1105,1
DA:1106,1
DA:1107,1
DA:1110,1
DA:1115,1
DA:1116,1
DA:1117,1
DA:1118,1
DA:1119,1
DA:1120,1
DA:1121,1
DA:1122,1
DA:1123,1
DA:1124,1
DA:1125,1
DA:1126,1
DA:1129,1
DA:1134,1
DA:1135,1
DA:1136,1
DA:1137,1
DA:1138,1
DA:1139,1
DA:1140,1
DA:1141,1
DA:1142,1
DA:1143,1
DA:1144,1
DA:1145,1
DA:1148,1
DA:1153,1
DA:1154,1
DA:1155,1
DA:1156,1
DA:1157,1
DA:1158,1
DA:1159,1
DA:1160,1
DA:1161,1
DA:1162,1
DA:1163,1
DA:1164,1
DA:1167,1
DA:1172,1
DA:1173,1
DA:1174,1
DA:1175,1
DA:1176,1
DA:1177,1
DA:1178,1
DA:1179,1
DA:1180,1
DA:1181,1
DA:1182,1
DA:1183,1
DA:1186,1
DA:1191,1
DA:1192,1
DA:1193,1
DA:1194,1
DA:1195,1
DA:1196,1
DA:1197,1
DA:1198,1
DA:1199,1
DA:1200,1
DA:1201,1
DA:1202,1
DA:1205,1
DA:1210,1
DA:1211,1
DA:1212,1
DA:1213,1
DA:1214,1
DA:1215,1
DA:1216,1
DA:1217,1
DA:1218,1
DA:1219,1
DA:1220,1
DA:1221,1
DA:1224,1
DA:1229,1
DA:1230,1
DA:1231,1
DA:1232,1
DA:1233,1
DA:1234,1
DA:1235,1
DA:1236,1
DA:1237,1
DA:1238,1
DA:1239,1
DA:1240,1
DA:1243,1
DA:1248,1
DA:1249,1
DA:1250,1
DA:1251,1
DA:1252,1
DA:1253,1
DA:1254,1
DA:1255,1
DA:1256,1
DA:1257,1
DA:1258,1
DA:1259,1
DA:1262,1
DA:1267,1
DA:1268,1
DA:1269,1
DA:1270,1
DA:1271,1
DA:1272,1
DA:1273,1
DA:1274,1
DA:1275,1
DA:1276,1
DA:1277,1
DA:1278,1
DA:1281,1
DA:1286,1
DA:1287,1
DA:1288,1
DA:1289,1
DA:1290,1
DA:1291,1
DA:1292,1
DA:1293,1
DA:1294,1
DA:1295,1
DA:1296,1
DA:1297,1
DA:1300,1
DA:1305,1
DA:1306,1
DA:1307,1
DA:1308,1
DA:1309,1
DA:1310,1
DA:1311,1
DA:1312,1
DA:1313,1
DA:1314,1
DA:1315,1
DA:1316,1
DA:1319,1
DA:1324,1
DA:1325,1
DA:1326,1
DA:1327,1
DA:1328,1
DA:1329,1
DA:1330,1
DA:1331,1
DA:1332,1
DA:1333,1
DA:1334,1
DA:1335,1
DA:1338,1
DA:1343,1
DA:1344,1
DA:1345,1
DA:1346,1
DA:1347,1
DA:1348,1
DA:1349,1
DA:1350,1
DA:1351,1
DA:1352,1
DA:1353,1
DA:1354,1
DA:1357,1
DA:1362,1
DA:1363,1
DA:1364,1
DA:1365,1
DA:1366,1
DA:1367,1
DA:1368,1
DA:1369,1
DA:1370,1
DA:1371,1
DA:1372,1
DA:1373,1
DA:1376,1
DA:1381,1
DA:1382,1
DA:1383,1
DA:1384,1
DA:1385,1
DA:1386,1
DA:1387,1
DA:1388,1
DA:1389,1
DA:1390,1
DA:1391,1
DA:1392,1
DA:1395,1
DA:1400,1
DA:1401,1
DA:1402,1
DA:1403,1
DA:1404,1
DA:1405,1
DA:1406,1
DA:1407,1
DA:1408,1
DA:1409,1
DA:1410,1
DA:1411,1
DA:1414,1
DA:1419,1
DA:1420,1
DA:1421,1
DA:1422,1
DA:1423,1
DA:1424,1
DA:1425,1
DA:1426,1
DA:1427,1
DA:1428,1
DA:1429,1
DA:1430,1
DA:1433,1
DA:1438,1
DA:1439,1
DA:1440,1
DA:1441,1
DA:1442,1
DA:1443,1
DA:1444,1
DA:1445,1
DA:1446,1
DA:1447,1
DA:1448,1
DA:1449,1
DA:1452,1
DA:1457,1
DA:1458,1
DA:1459,1
DA:1460,1
DA:1461,1
DA:1462,1
DA:1463,1
DA:1464,1
DA:1465,1
DA:1466,1
DA:1467,1
DA:1468,1
DA:1471,1
DA:1476,1
DA:1477,1
DA:1478,1
DA:1479,1
DA:1480,1
DA:1481,1
DA:1482,1
DA:1483,1
DA:1484,1
DA:1485,1
DA:1486,1
DA:1487,1
DA:1490,1
DA:1495,1
DA:1496,1
DA:1497,1
DA:1498,1
DA:1499,1
DA:1500,1
DA:1501,1
DA:1502,1
DA:1503,1
DA:1504,1
DA:1505,1
DA:1506,1
DA:1509,1
DA:1514,1
DA:1515,1
DA:1516,1
DA:1517,1
DA:1518,1
DA:1519,1
DA:1520,1
DA:1521,1
DA:1522,1
DA:1523,1
DA:1524,1
DA:1525,1
DA:1528,1
DA:1533,1
DA:1534,1
DA:1535,1
DA:1536,1
DA:1537,1
DA:1538,1
DA:1539,1
DA:1540,1
DA:1541,1
DA:1542,1
DA:1543,1
DA:1544,1
DA:1547,1
DA:1552,1
DA:1553,1
DA:1554,1
DA:1555,1
DA:1556,1
DA:1557,1
DA:1558,1
DA:1559,1
DA:1560,1
DA:1561,1
DA:1562,1
DA:1563,1
DA:1566,1
DA:1571,1
DA:1572,1
DA:1573,1
DA:1574,1
DA:1575,1
DA:1576,1
DA:1577,1
DA:1578,1
DA:1579,1
DA:1580,1
DA:1581,1
DA:1582,1
DA:1585,1
DA:1590,1
DA:1591,1
DA:1592,1
DA:1593,1
DA:1594,1
DA:1595,1
DA:1596,1
DA:1597,1
DA:1598,1
DA:1599,1
DA:1600,1
DA:1601,1
DA:1604,1
DA:1609,1
DA:1610,1
DA:1611,1
DA:1612,1
DA:1613,1
DA:1614,1
DA:1615,1
DA:1616,1
DA:1617,1
DA:1618,1
DA:1619,1
DA:1620,1
DA:1623,1
DA:1628,1
DA:1629,1
DA:1630,1
DA:1631,1
DA:1632,1
DA:1633,1
DA:1634,1
DA:1635,1
DA:1636,1
DA:1637,1
DA:1638,1
DA:1639,1
DA:1642,1
DA:1647,1
DA:1648,1
DA:1649,1
DA:1650,1
DA:1651,1
DA:1652,1
DA:1653,1
DA:1654,1
DA:1655,1
DA:1656,1
DA:1657,1
DA:1658,1
DA:1661,1
DA:1666,1
DA:1667,1
DA:1668,1
DA:1669,1
DA:1670,1
DA:1671,1
DA:1672,1
DA:1673,1
DA:1674,1
DA:1675,1
DA:1676,1
DA:1677,1
DA:1680,1
DA:1681,1
DA:1682,1
DA:1683,1
DA:1684,1
DA:1705,1
DA:1706,1
DA:1707,1
DA:1708,1
DA:1709,1
DA:1712,1
DA:1713,1
DA:1714,1
DA:1715,1
DA:1716,1
DA:1719,1
DA:1720,1
DA:1721,1
DA:1722,1
DA:1723,1
DA:1726,1
DA:1727,1
DA:1728,1
DA:1729,1
DA:1730,1
DA:1741,1
DA:1742,1
DA:1744,1
DA:1746,1
DA:1747,1
DA:1750,1
DA:1751,1
DA:1752,1
DA:1753,1
DA:1754,1
DA:1757,1
DA:1758,1
DA:1760,1
DA:1762,1
DA:1763,1
DA:1766,1
DA:1767,1
DA:1769,1
DA:1771,1
DA:1772,1
DA:1775,1
DA:1776,1
DA:1778,1
DA:1780,1
DA:1781,1
DA:1784,1
DA:1789,1
DA:1790,1
DA:1791,1
DA:1792,1
DA:1793,1
DA:1794,1
DA:1795,1
DA:1796,1
DA:1797,1
DA:1798,1
DA:1799,1
DA:1800,1
DA:1822,1
DA:1827,1
DA:1828,1
DA:1829,1
DA:1830,1
DA:1831,1
DA:1832,1
DA:1833,1
DA:1834,1
DA:1835,1
DA:1836,1
DA:1837,1
DA:1838,1
DA:1841,1
DA:1846,1
DA:1847,1
DA:1848,1
DA:1849,1
DA:1850,1
DA:1851,1
DA:1852,1
DA:1853,1
DA:1854,1
DA:1855,1
DA:1856,1
DA:1857,1
DA:1860,1
DA:1865,1
DA:1866,1
DA:1867,1
DA:1868,1
DA:1869,1
DA:1870,1
DA:1871,1
DA:1872,1
DA:1873,1
DA:1874,1
DA:1875,1
DA:1876,1
DA:1879,1
DA:1884,1
DA:1885,1
DA:1886,1
DA:1887,1
DA:1888,1
DA:1889,1
DA:1890,1
DA:1891,1
DA:1892,1
DA:1893,1
DA:1894,1
DA:1895,1
DA:1898,1
DA:1903,1
DA:1904,1
DA:1905,1
DA:1906,1
DA:1907,1
DA:1908,1
DA:1909,1
DA:1910,1
DA:1911,1
DA:1912,1
DA:1913,1
DA:1914,1
DA:1917,1
DA:1922,1
DA:1923,1
DA:1924,1
DA:1925,1
DA:1926,1
DA:1927,1
DA:1928,1
DA:1929,1
DA:1930,1
DA:1931,1
DA:1932,1
DA:1933,1
DA:1936,1
DA:1941,1
DA:1942,1
DA:1943,1
DA:1944,1
DA:1945,1
DA:1946,1
DA:1947,1
DA:1948,1
DA:1949,1
DA:1950,1
DA:1951,1
DA:1952,1
DA:1955,1
DA:1960,1
DA:1961,1
DA:1962,1
DA:1963,1
DA:1964,1
DA:1965,1
DA:1966,1
DA:1967,1
DA:1968,1
DA:1969,1
DA:1970,1
DA:1971,1
DA:1974,1
DA:1979,1
DA:1980,1
DA:1981,1
DA:1982,1
DA:1983,1
DA:1984,1
DA:1985,1
DA:1986,1
DA:1987,1
DA:1988,1
DA:1989,1
DA:1990,1
DA:1993,1
DA:1998,1
DA:1999,1
DA:2000,1
DA:2001,1
DA:2002,1
DA:2003,1
DA:2004,1
DA:2005,1
DA:2006,1
DA:2007,1
DA:2008,1
DA:2009,1
DA:2012,1
DA:2017,1
DA:2018,1
DA:2019,1
DA:2020,1
DA:2021,1
DA:2022,1
DA:2023,1
DA:2024,1
DA:2025,1
DA:2026,1
DA:2027,1
DA:2028,1
DA:2031,1
DA:2036,1
DA:2037,1
DA:2038,1
DA:2039,1
DA:2040,1
DA:2041,1
DA:2042,1
DA:2043,1
DA:2044,1
DA:2045,1
DA:2046,1
DA:2047,1
DA:2050,1
DA:2055,1
DA:2056,1
DA:2057,1
DA:2058,1
DA:2059,1
DA:2060,1
DA:2061,1
DA:2062,1
DA:2063,1
DA:2064,1
DA:2065,1
DA:2066,1
DA:2069,1
DA:2074,1
DA:2075,1
DA:2076,1
DA:2077,1
DA:2078,1
DA:2079,1
DA:2080,1
DA:2081,1
DA:2082,1
DA:2083,1
DA:2084,1
DA:2085,1
DA:2088,1
DA:2093,1
DA:2094,1
DA:2095,1
DA:2096,1
DA:2097,1
DA:2098,1
DA:2099,1
DA:2100,1
DA:2101,1
DA:2102,1
DA:2103,1
DA:2104,1
DA:2107,1
DA:2112,1
DA:2113,1
DA:2114,1
DA:2115,1
DA:2116,1
DA:2117,1
DA:2118,1
DA:2119,1
DA:2120,1
DA:2121,1
DA:2122,1
DA:2123,1
DA:2126,1
DA:2131,1
DA:2132,1
DA:2133,1
DA:2134,1
DA:2135,1
DA:2136,1
DA:2137,1
DA:2138,1
DA:2139,1
DA:2140,1
DA:2141,1
DA:2142,1
DA:2145,1
DA:2150,1
DA:2151,1
DA:2152,1
DA:2153,1
DA:2154,1
DA:2155,1
DA:2156,1
DA:2157,1
DA:2158,1
DA:2159,1
DA:2160,1
DA:2161,1
DA:2164,1
DA:2169,1
DA:2170,1
DA:2171,1
DA:2172,1
DA:2173,1
DA:2174,1
DA:2175,1
DA:2176,1
DA:2177,1
DA:2178,1
DA:2179,1
DA:2180,1
DA:2183,1
DA:2188,1
DA:2189,1
DA:2190,1
DA:2191,1
DA:2192,1
DA:2193,1
DA:2194,1
DA:2195,1
DA:2196,1
DA:2197,1
DA:2198,1
DA:2199,1
DA:2202,1
DA:2207,1
DA:2208,1
DA:2209,1
DA:2210,1
DA:2211,1
DA:2212,1
DA:2213,1
DA:2214,1
DA:2215,1
DA:2216,1
DA:2217,1
DA:2218,1
DA:2221,1
DA:2226,1
DA:2227,1
DA:2228,1
DA:2229,1
DA:2230,1
DA:2231,1
DA:2232,1
DA:2233,1
DA:2234,1
DA:2235,1
DA:2236,1
DA:2237,1
DA:2240,1
DA:2245,1
DA:2246,1
DA:2247,1
DA:2248,1
DA:2249,1
DA:2250,1
DA:2251,1
DA:2252,1
DA:2253,1
DA:2254,1
DA:2255,1
DA:2256,1
DA:2259,1
DA:2264,1
DA:2265,1
DA:2266,1
DA:2267,1
DA:2268,1
DA:2269,1
DA:2270,1
DA:2271,1
DA:2272,1
DA:2273,1
DA:2274,1
DA:2275,1
DA:2278,1
DA:2283,1
DA:2284,1
DA:2285,1
DA:2286,1
DA:2287,1
DA:2288,1
DA:2289,1
DA:2290,1
DA:2291,1
DA:2292,1
DA:2293,1
DA:2294,1
DA:2297,1
DA:2302,1
DA:2303,1
DA:2304,1
DA:2305,1
DA:2306,1
DA:2307,1
DA:2308,1
DA:2309,1
DA:2310,1
DA:2311,1
DA:2312,1
DA:2313,1
DA:2316,1
DA:2321,1
DA:2322,1
DA:2323,1
DA:2324,1
DA:2325,1
DA:2326,1
DA:2327,1
DA:2328,1
DA:2329,1
DA:2330,1
DA:2331,1
DA:2332,1
DA:2335,1
DA:2340,1
DA:2341,1
DA:2342,1
DA:2343,1
DA:2344,1
DA:2345,1
DA:2346,1
DA:2347,1
DA:2348,1
DA:2349,1
DA:2350,1
DA:2351,1
DA:2354,1
DA:2359,1
DA:2360,1
DA:2361,1
DA:2362,1
DA:2363,1
DA:2364,1
DA:2365,1
DA:2366,1
DA:2367,1
DA:2368,1
DA:2369,1
DA:2370,1
DA:2373,1
DA:2378,1
DA:2379,1
DA:2380,1
DA:2381,1
DA:2382,1
DA:2383,1
DA:2384,1
DA:2385,1
DA:2386,1
DA:2387,1
DA:2388,1
DA:2389,1
DA:2392,1
DA:2397,1
DA:2398,1
DA:2399,1
DA:2400,1
DA:2401,1
DA:2402,1
DA:2403,1
DA:2404,1
DA:2405,1
DA:2406,1
DA:2407,1
DA:2408,1
DA:2411,1
DA:2416,1
DA:2417,1
DA:2418,1
DA:2419,1
DA:2420,1
DA:2421,1
DA:2422,1
DA:2423,1
DA:2424,1
DA:2425,1
DA:2426,1
DA:2427,1
DA:2430,1
DA:2435,1
DA:2436,1
DA:2437,1
DA:2438,1
DA:2439,1
DA:2440,1
DA:2441,1
DA:2442,1
DA:2443,1
DA:2444,1
DA:2445,1
DA:2446,1
DA:2449,1
DA:2454,1
DA:2455,1
DA:2456,1
DA:2457,1
DA:2458,1
DA:2459,1
DA:2460,1
DA:2461,1
DA:2462,1
DA:2463,1
DA:2464,1
DA:2465,1
DA:2468,1
DA:2473,1
DA:2474,1
DA:2475,1
DA:2476,1
DA:2477,1
DA:2478,1
DA:2479,1
DA:2480,1
DA:2481,1
DA:2482,1
DA:2483,1
DA:2484,1
DA:2487,1
DA:2492,1
DA:2493,1
DA:2494,1
DA:2495,1
DA:2496,1
DA:2497,1
DA:2498,1
DA:2499,1
DA:2500,1
DA:2501,1
DA:2502,1
DA:2503,1
DA:2506,1
DA:2511,1
DA:2512,1
DA:2513,1
DA:2514,1
DA:2515,1
DA:2516,1
DA:2517,1
DA:2518,1
DA:2519,1
DA:2520,1
DA:2521,1
DA:2522,1
DA:2525,1
DA:2530,1
DA:2531,1
DA:2532,1
DA:2533,1
DA:2534,1
DA:2535,1
DA:2536,1
DA:2537,1
DA:2538,1
DA:2539,1
DA:2540,1
DA:2541,1
DA:2544,1
DA:2545,1
DA:2546,1
DA:2547,1
DA:2548,1
DA:2551,1
DA:2552,1
DA:2553,1
DA:2554,1
DA:2555,1
DA:2558,1
DA:2559,1
DA:2560,1
DA:2561,1
DA:2562,1
DA:2565,1
DA:2566,1
DA:2567,1
DA:2568,1
DA:2569,1
DA:2572,1
DA:2573,1
DA:2574,1
DA:2575,1
DA:2576,1
DA:2579,1
DA:2580,1
DA:2581,1
DA:2582,1
DA:2583,1
DA:2586,1
DA:2587,1
DA:2588,1
DA:2589,1
DA:2590,1
DA:2593,1
DA:2594,1
DA:2595,1
DA:2597,1
DA:2598,1
DA:2601,1
DA:2602,1
DA:2604,1
DA:2606,1
DA:2607,1
DA:2610,1
DA:2611,1
DA:2612,1
DA:2613,1
DA:2614,1
DA:2617,1
DA:2618,1
DA:2619,1
DA:2620,1
DA:2621,1
DA:2624,1
DA:2625,1
DA:2627,1
DA:2629,1
DA:2630,1
DA:2633,1
DA:2634,1
DA:2636,1
DA:2638,1
DA:2639,1
DA:2642,1
DA:2643,1
DA:2645,1
DA:2647,1
DA:2648,1
DA:2651,1
DA:2656,1
DA:2657,1
DA:2658,1
DA:2659,1
DA:2660,1
DA:2661,1
DA:2662,1
DA:2663,1
DA:2664,1
DA:2665,1
DA:2666,1
DA:2667,1
DA:2670,1
DA:2675,1
DA:2676,1
DA:2677,1
DA:2678,1
DA:2679,1
DA:2680,1
DA:2681,1
DA:2682,1
DA:2683,1
DA:2684,1
DA:2685,1
DA:2686,1
DA:2689,1
DA:2694,1
DA:2695,1
DA:2696,1
DA:2697,1
DA:2698,1
DA:2699,1
DA:2700,1
DA:2701,1
DA:2702,1
DA:2703,1
DA:2704,1
DA:2705,1
DA:2708,1
DA:2713,1
DA:2714,1
DA:2715,1
DA:2716,1
DA:2717,1
DA:2718,1
DA:2719,1
DA:2720,1
DA:2721,1
DA:2722,1
DA:2723,1
DA:2724,1
DA:2727,1
DA:2732,1
DA:2733,1
DA:2734,1
DA:2735,1
DA:2736,1
DA:2737,1
DA:2738,1
DA:2739,1
DA:2740,1
DA:2741,1
DA:2742,1
DA:2743,1
DA:2746,1
DA:2751,1
DA:2752,1
DA:2753,1
DA:2754,1
DA:2755,1
DA:2756,1
DA:2757,1
DA:2758,1
DA:2759,1
DA:2760,1
DA:2761,1
DA:2762,1
DA:2765,1
DA:2770,1
DA:2771,1
DA:2772,1
DA:2773,1
DA:2774,1
DA:2775,1
DA:2776,1
DA:2777,1
DA:2778,1
DA:2779,1
DA:2780,1
DA:2781,1
DA:2784,1
DA:2789,1
DA:2790,1
DA:2791,1
DA:2792,1
DA:2793,1
DA:2794,1
DA:2795,1
DA:2796,1
DA:2797,1
DA:2798,1
DA:2799,1
DA:2800,1
DA:2803,1
DA:2808,1
DA:2809,1
DA:2810,1
DA:2811,1
DA:2812,1
DA:2813,1
DA:2814,1
DA:2815,1
DA:2816,1
DA:2817,1
DA:2818,1
DA:2819,1
DA:2822,1
DA:2827,1
DA:2828,1
DA:2829,1
DA:2830,1
DA:2831,1
DA:2832,1
DA:2833,1
DA:2834,1
DA:2835,1
DA:2836,1
DA:2837,1
DA:2838,1
DA:2841,1
DA:2846,1
DA:2847,1
DA:2848,1
DA:2849,1
DA:2850,1
DA:2851,1
DA:2852,1
DA:2853,1
DA:2854,1
DA:2855,1
DA:2856,1
DA:2857,1
DA:2860,1
DA:2865,1
DA:2866,1
DA:2867,1
DA:2868,1
DA:2869,1
DA:2870,1
DA:2871,1
DA:2872,1
DA:2873,1
DA:2874,1
DA:2875,1
DA:2876,1
DA:2879,1
DA:2884,1
DA:2885,1
DA:2886,1
DA:2887,1
DA:2888,1
DA:2889,1
DA:2890,1
DA:2891,1
DA:2892,1
DA:2893,1
DA:2894,1
DA:2895,1
DA:2898,1
DA:2903,1
DA:2904,1
DA:2905,1
DA:2906,1
DA:2907,1
DA:2908,1
DA:2909,1
DA:2910,1
DA:2911,1
DA:2912,1
DA:2913,1
DA:2914,1
DA:2917,1
DA:2922,1
DA:2923,1
DA:2924,1
DA:2925,1
DA:2926,1
DA:2927,1
DA:2928,1
DA:2929,1
DA:2930,1
DA:2931,1
DA:2932,1
DA:2933,1
DA:2936,1
DA:2941,1
DA:2942,1
DA:2943,1
DA:2944,1
DA:2945,1
DA:2946,1
DA:2947,1
DA:2948,1
DA:2949,1
DA:2950,1
DA:2951,1
DA:2952,1
DA:2955,1
DA:2960,1
DA:2961,1
DA:2962,1
DA:2963,1
DA:2964,1
DA:2965,1
DA:2966,1
DA:2967,1
DA:2968,1
DA:2969,1
DA:2970,1
DA:2971,1
DA:2974,1
DA:2979,1
DA:2980,1
DA:2981,1
DA:2982,1
DA:2983,1
DA:2984,1
DA:2985,1
DA:2986,1
DA:2987,1
DA:2988,1
DA:2989,1
DA:2990,1
DA:2993,1
DA:2998,1
DA:2999,1
DA:3000,1
DA:3001,1
DA:3002,1
DA:3003,1
DA:3004,1
DA:3005,1
DA:3006,1
DA:3007,1
DA:3008,1
DA:3009,1
DA:3012,1
DA:3017,1
DA:3018,1
DA:3019,1
DA:3020,1
DA:3021,1
DA:3022,1
DA:3023,1
DA:3024,1
DA:3025,1
DA:3026,1
DA:3027,1
DA:3028,1
DA:3031,1
DA:3036,1
DA:3037,1
DA:3038,1
DA:3039,1
DA:3040,1
DA:3041,1
DA:3042,1
DA:3043,1
DA:3044,1
DA:3045,1
DA:3046,1
DA:3047,1
DA:3050,1
DA:3055,1
DA:3056,1
DA:3057,1
DA:3058,1
DA:3059,1
DA:3060,1
DA:3061,1
DA:3062,1
DA:3063,1
DA:3064,1
DA:3065,1
DA:3066,1
DA:3069,1
DA:3074,1
DA:3075,1
DA:3076,1
DA:3077,1
DA:3078,1
DA:3079,1
DA:3080,1
DA:3081,1
DA:3082,1
DA:3083,1
DA:3084,1
DA:3085,1
DA:3088,1
DA:3093,1
DA:3094,1
DA:3095,1
DA:3096,1
DA:3097,1
DA:3098,1
DA:3099,1
DA:3100,1
DA:3101,1
DA:3102,1
DA:3103,1
DA:3104,1
DA:3107,1
DA:3112,1
DA:3113,1
DA:3114,1
DA:3115,1
DA:3116,1
DA:3117,1
DA:3118,1
DA:3119,1
DA:3120,1
DA:3121,1
DA:3122,1
DA:3123,1
DA:3126,1
DA:3131,1
DA:3132,1
DA:3133,1
DA:3134,1
DA:3135,1
DA:3136,1
DA:3137,1
DA:3138,1
DA:3139,1
DA:3140,1
DA:3141,1
DA:3142,1
DA:3145,1
DA:3150,1
DA:3151,1
DA:3152,1
DA:3153,1
DA:3154,1
DA:3155,1
DA:3156,1
DA:3157,1
DA:3158,1
DA:3159,1
DA:3160,1
DA:3161,1
DA:3164,1
DA:3169,1
DA:3170,1
DA:3171,1
DA:3172,1
DA:3173,1
DA:3174,1
DA:3175,1
DA:3176,1
DA:3177,1
DA:3178,1
DA:3179,1
DA:3180,1
DA:3183,1
DA:3188,1
DA:3189,1
DA:3190,1
DA:3191,1
DA:3192,1
DA:3193,1
DA:3194,1
DA:3195,1
DA:3196,1
DA:3197,1
DA:3198,1
DA:3199,1
DA:3202,1
DA:3207,1
DA:3208,1
DA:3209,1
DA:3210,1
DA:3211,1
DA:3212,1
DA:3213,1
DA:3214,1
DA:3215,1
DA:3216,1
DA:3217,1
DA:3218,1
DA:3221,1
DA:3226,1
DA:3227,1
DA:3228,1
DA:3229,1
DA:3230,1
DA:3231,1
DA:3232,1
DA:3233,1
DA:3234,1
DA:3235,1
DA:3236,1
DA:3237,1
DA:3240,1
DA:3245,1
DA:3246,1
DA:3247,1
DA:3248,1
DA:3249,1
DA:3250,1
DA:3251,1
DA:3252,1
DA:3253,1
DA:3254,1
DA:3255,1
DA:3256,1
DA:3259,1
DA:3264,1
DA:3265,1
DA:3266,1
DA:3267,1
DA:3268,1
DA:3269,1
DA:3270,1
DA:3271,1
DA:3272,1
DA:3273,1
DA:3274,1
DA:3275,1
DA:3278,1
DA:3283,1
DA:3284,1
DA:3285,1
DA:3286,1
DA:3287,1
DA:3288,1
DA:3289,1
DA:3290,1
DA:3291,1
DA:3292,1
DA:3293,1
DA:3294,1
DA:3297,1
DA:3302,1
DA:3303,1
DA:3304,1
DA:3305,1
DA:3306,1
DA:3307,1
DA:3308,1
DA:3309,1
DA:3310,1
DA:3311,1
DA:3312,1
DA:3313,1
DA:3316,1
DA:3321,1
DA:3322,1
DA:3323,1
DA:3324,1
DA:3325,1
DA:3326,1
DA:3327,1
DA:3328,1
DA:3329,1
DA:3330,1
DA:3331,1
DA:3332,1
DA:3335,1
DA:3340,1
DA:3341,1
DA:3342,1
DA:3343,1
DA:3344,1
DA:3345,1
DA:3346,1
DA:3347,1
DA:3348,1
DA:3349,1
DA:3350,1
DA:3351,1
DA:3354,1
DA:3359,1
DA:3360,1
DA:3361,1
DA:3362,1
DA:3363,1
DA:3364,1
DA:3365,1
DA:3366,1
DA:3367,1
DA:3368,1
DA:3369,1
DA:3370,1
DA:3373,1
DA:3378,1
DA:3379,1
DA:3380,1
DA:3381,1
DA:3382,1
DA:3383,1
DA:3384,1
DA:3385,1
DA:3386,1
DA:3387,1
DA:3388,1
DA:3389,1
DA:3392,1
DA:3397,1
DA:3398,1
DA:3399,1
DA:3400,1
DA:3401,1
DA:3402,1
DA:3403,1
DA:3404,1
DA:3405,1
DA:3406,1
DA:3407,1
DA:3408,1
DA:3411,1
DA:3416,1
DA:3417,1
DA:3418,1
DA:3419,1
DA:3420,1
DA:3421,1
DA:3422,1
DA:3423,1
DA:3424,1
DA:3425,1
DA:3426,1
DA:3427,1
DA:3430,1
DA:3435,1
DA:3436,1
DA:3437,1
DA:3438,1
DA:3439,1
DA:3440,1
DA:3441,1
DA:3442,1
DA:3443,1
DA:3444,1
DA:3445,1
DA:3446,1
DA:3449,1
DA:3454,1
DA:3455,1
DA:3456,1
DA:3457,1
DA:3458,1
DA:3459,1
DA:3460,1
DA:3461,1
DA:3462,1
DA:3463,1
DA:3464,1
DA:3465,1
DA:3468,1
DA:3473,1
DA:3474,1
DA:3475,1
DA:3476,1
DA:3477,1
DA:3478,1
DA:3479,1
DA:3480,1
DA:3481,1
DA:3482,1
DA:3483,1
DA:3484,1
DA:3487,1
DA:3492,1
DA:3493,1
DA:3494,1
DA:3495,1
DA:3496,1
DA:3497,1
DA:3498,1
DA:3499,1
DA:3500,1
DA:3501,1
DA:3502,1
DA:3503,1
DA:3506,1
DA:3511,1
DA:3512,1
DA:3513,1
DA:3514,1
DA:3515,1
DA:3516,1
DA:3517,1
DA:3518,1
DA:3519,1
DA:3520,1
DA:3521,1
DA:3522,1
DA:3525,1
DA:3530,1
DA:3531,1
DA:3532,1
DA:3533,1
DA:3534,1
DA:3535,1
DA:3536,1
DA:3537,1
DA:3538,1
DA:3539,1
DA:3540,1
DA:3541,1
DA:3544,1
DA:3549,1
DA:3550,1
DA:3551,1
DA:3552,1
DA:3553,1
DA:3554,1
DA:3555,1
DA:3556,1
DA:3557,1
DA:3558,1
DA:3559,1
DA:3560,1
DA:3563,1
DA:3568,1
DA:3569,1
DA:3570,1
DA:3571,1
DA:3572,1
DA:3573,1
DA:3574,1
DA:3575,1
DA:3576,1
DA:3577,1
DA:3578,1
DA:3579,1
DA:3582,1
DA:3587,1
DA:3588,1
DA:3589,1
DA:3590,1
DA:3591,1
DA:3592,1
DA:3593,1
DA:3594,1
DA:3595,1
DA:3596,1
DA:3597,1
DA:3598,1
DA:3601,1
DA:3606,1
DA:3607,1
DA:3608,1
DA:3609,1
DA:3610,1
DA:3611,1
DA:3612,1
DA:3613,1
DA:3614,1
DA:3615,1
DA:3616,1
DA:3617,1
DA:3620,1
DA:3625,1
DA:3626,1
DA:3627,1
DA:3628,1
DA:3629,1
DA:3630,1
DA:3631,1
DA:3632,1
DA:3633,1
DA:3634,1
DA:3635,1
DA:3636,1
DA:3639,1
DA:3644,1
DA:3645,1
DA:3646,1
DA:3647,1
DA:3648,1
DA:3649,1
DA:3650,1
DA:3651,1
DA:3652,1
DA:3653,1
DA:3654,1
DA:3655,1
DA:3658,1
DA:3663,1
DA:3664,1
DA:3665,1
DA:3666,1
DA:3667,1
DA:3668,1
DA:3669,1
DA:3670,1
DA:3671,1
DA:3672,1
DA:3673,1
DA:3674,1
DA:3677,1
DA:3682,1
DA:3683,1
DA:3684,1
DA:3685,1
DA:3686,1
DA:3687,1
DA:3688,1
DA:3689,1
DA:3690,1
DA:3691,1
DA:3692,1
DA:3693,1
DA:3696,1
DA:3701,1
DA:3702,1
DA:3703,1
DA:3704,1
DA:3705,1
DA:3706,1
DA:3707,1
DA:3708,1
DA:3709,1
DA:3710,1
DA:3711,1
DA:3712,1
DA:3715,1
DA:3720,1
DA:3721,1
DA:3722,1
DA:3723,1
DA:3724,1
DA:3725,1
DA:3726,1
DA:3727,1
DA:3728,1
DA:3729,1
DA:3730,1
DA:3731,1
DA:3734,1
DA:3739,1
DA:3740,1
DA:3741,1
DA:3742,1
DA:3743,1
DA:3744,1
DA:3745,1
DA:3746,1
DA:3747,1
DA:3748,1
DA:3749,1
DA:3750,1
DA:3753,1
DA:3758,1
DA:3759,1
DA:3760,1
DA:3761,1
DA:3762,1
DA:3763,1
DA:3764,1
DA:3765,1
DA:3766,1
DA:3767,1
DA:3768,1
DA:3769,1
DA:3772,1
DA:3777,1
DA:3778,1
DA:3779,1
DA:3780,1
DA:3781,1
DA:3782,1
DA:3783,1
DA:3784,1
DA:3785,1
DA:3786,1
DA:3787,1
DA:3788,1
DA:3791,1
DA:3796,1
DA:3797,1
DA:3798,1
DA:3799,1
DA:3800,1
DA:3801,1
DA:3802,1
DA:3803,1
DA:3804,1
DA:3805,1
DA:3806,1
DA:3807,1
DA:3810,1
DA:3815,1
DA:3816,1
DA:3817,1
DA:3818,1
DA:3819,1
DA:3820,1
DA:3821,1
DA:3822,1
DA:3823,1
DA:3824,1
DA:3825,1
DA:3826,1
DA:3829,1
DA:3834,1
DA:3835,1
DA:3836,1
DA:3837,1
DA:3838,1
DA:3839,1
DA:3840,1
DA:3841,1
DA:3842,1
DA:3843,1
DA:3844,1
DA:3845,1
DA:3848,1
DA:3853,1
DA:3854,1
DA:3855,1
DA:3856,1
DA:3857,1
DA:3858,1
DA:3859,1
DA:3860,1
DA:3861,1
DA:3862,1
DA:3863,1
DA:3864,1
DA:3867,1
DA:3872,1
DA:3873,1
DA:3874,1
DA:3875,1
DA:3876,1
DA:3877,1
DA:3878,1
DA:3879,1
DA:3880,1
DA:3881,1
DA:3882,1
DA:3883,1
DA:3886,1
DA:3891,1
DA:3892,1
DA:3893,1
DA:3894,1
DA:3895,1
DA:3896,1
DA:3897,1
DA:3898,1
DA:3899,1
DA:3900,1
DA:3901,1
DA:3902,1
DA:3905,1
DA:3910,1
DA:3911,1
DA:3912,1
DA:3913,1
DA:3914,1
DA:3915,1
DA:3916,1
DA:3917,1
DA:3918,1
DA:3919,1
DA:3920,1
DA:3921,1
DA:3924,1
DA:3929,1
DA:3930,1
DA:3931,1
DA:3932,1
DA:3933,1
DA:3934,1
DA:3935,1
DA:3936,1
DA:3937,1
DA:3938,1
DA:3939,1
DA:3940,1
DA:3943,1
DA:3948,1
DA:3949,1
DA:3950,1
DA:3951,1
DA:3952,1
DA:3953,1
DA:3954,1
DA:3955,1
DA:3956,1
DA:3957,1
DA:3958,1
DA:3959,1
DA:3962,1
DA:3967,1
DA:3968,1
DA:3969,1
DA:3970,1
DA:3971,1
DA:3972,1
DA:3973,1
DA:3974,1
DA:3975,1
DA:3976,1
DA:3977,1
DA:3978,1
DA:3981,1
DA:3986,1
DA:3987,1
DA:3988,1
DA:3989,1
DA:3990,1
DA:3991,1
DA:3992,1
DA:3993,1
DA:3994,1
DA:3995,1
DA:3996,1
DA:3997,1
DA:4000,1
DA:4005,1
DA:4006,1
DA:4007,1
DA:4008,1
DA:4009,1
DA:4010,1
DA:4011,1
DA:4012,1
DA:4013,1
DA:4014,1
DA:4015,1
DA:4016,1
DA:4019,1
DA:4024,1
DA:4025,1
DA:4026,1
DA:4027,1
DA:4028,1
DA:4029,1
DA:4030,1
DA:4031,1
DA:4032,1
DA:4033,1
DA:4034,1
DA:4035,1
DA:4038,1
DA:4043,1
DA:4044,1
DA:4045,1
DA:4046,1
DA:4047,1
DA:4048,1
DA:4049,1
DA:4050,1
DA:4051,1
DA:4052,1
DA:4053,1
DA:4054,1
DA:4057,1
DA:4062,1
DA:4063,1
DA:4064,1
DA:4065,1
DA:4066,1
DA:4067,1
DA:4068,1
DA:4069,1
DA:4070,1
DA:4071,1
DA:4072,1
DA:4073,1
DA:4076,1
DA:4081,1
DA:4082,1
DA:4083,1
DA:4084,1
DA:4085,1
DA:4086,1
DA:4087,1
DA:4088,1
DA:4089,1
DA:4090,1
DA:4091,1
DA:4092,1
DA:4095,1
DA:4100,1
DA:4101,1
DA:4102,1
DA:4103,1
DA:4104,1
DA:4105,1
DA:4106,1
DA:4107,1
DA:4108,1
DA:4109,1
DA:4110,1
DA:4111,1
DA:4114,1
DA:4119,1
DA:4120,1
DA:4121,1
DA:4122,1
DA:4123,1
DA:4124,1
DA:4125,1
DA:4126,1
DA:4127,1
DA:4128,1
DA:4129,1
DA:4130,1
DA:4133,1
DA:4138,1
DA:4139,1
DA:4140,1
DA:4141,1
DA:4142,1
DA:4143,1
DA:4144,1
DA:4145,1
DA:4146,1
DA:4147,1
DA:4148,1
DA:4149,1
DA:4152,1
DA:4157,1
DA:4158,1
DA:4159,1
DA:4160,1
DA:4161,1
DA:4162,1
DA:4163,1
DA:4164,1
DA:4165,1
DA:4166,1
DA:4167,1
DA:4168,1
DA:4171,1
DA:4176,1
DA:4177,1
DA:4178,1
DA:4179,1
DA:4180,1
DA:4181,1
DA:4182,1
DA:4183,1
DA:4184,1
DA:4185,1
DA:4186,1
DA:4187,1
DA:4190,1
DA:4195,1
DA:4196,1
DA:4197,1
DA:4198,1
DA:4199,1
DA:4200,1
DA:4201,1
DA:4202,1
DA:4203,1
DA:4204,1
DA:4205,1
DA:4206,1
DA:4209,1
DA:4214,1
DA:4215,1
DA:4216,1
DA:4217,1
DA:4218,1
DA:4219,1
DA:4220,1
DA:4221,1
DA:4222,1
DA:4223,1
DA:4224,1
DA:4225,1
DA:4228,1
DA:4233,1
DA:4234,1
DA:4235,1
DA:4236,1
DA:4237,1
DA:4238,1
DA:4239,1
DA:4240,1
DA:4241,1
DA:4242,1
DA:4243,1
DA:4244,1
DA:4247,1
DA:4252,1
DA:4253,1
DA:4254,1
DA:4255,1
DA:4256,1
DA:4257,1
DA:4258,1
DA:4259,1
DA:4260,1
DA:4261,1
DA:4262,1
DA:4263,1
DA:4266,1
DA:4271,1
DA:4272,1
DA:4273,1
DA:4274,1
DA:4275,1
DA:4276,1
DA:4277,1
DA:4278,1
DA:4279,1
DA:4280,1
DA:4281,1
DA:4282,1
DA:4285,1
DA:4290,1
DA:4291,1
DA:4292,1
DA:4293,1
DA:4294,1
DA:4295,1
DA:4296,1
DA:4297,1
DA:4298,1
DA:4299,1
DA:4300,1
DA:4301,1
DA:4304,1
DA:4309,1
DA:4310,1
DA:4311,1
DA:4312,1
DA:4313,1
DA:4314,1
DA:4315,1
DA:4316,1
DA:4317,1
DA:4318,1
DA:4319,1
DA:4320,1
DA:4323,1
DA:4328,1
DA:4329,1
DA:4330,1
DA:4331,1
DA:4332,1
DA:4333,1
DA:4334,1
DA:4335,1
DA:4336,1
DA:4337,1
DA:4338,1
DA:4339,1
DA:4342,1
DA:4347,1
DA:4348,1
DA:4349,1
DA:4350,1
DA:4351,1
DA:4352,1
DA:4353,1
DA:4354,1
DA:4355,1
DA:4356,1
DA:4357,1
DA:4358,1
DA:4361,1
DA:4366,1
DA:4367,1
DA:4368,1
DA:4369,1
DA:4370,1
DA:4371,1
DA:4372,1
DA:4373,1
DA:4374,1
DA:4375,1
DA:4376,1
DA:4377,1
DA:4380,1
DA:4385,1
DA:4386,1
DA:4387,1
DA:4388,1
DA:4389,1
DA:4390,1
DA:4391,1
DA:4392,1
DA:4393,1
DA:4394,1
DA:4395,1
DA:4396,1
DA:4399,1
DA:4404,1
DA:4405,1
DA:4406,1
DA:4407,1
DA:4408,1
DA:4409,1
DA:4410,1
DA:4411,1
DA:4412,1
DA:4413,1
DA:4414,1
DA:4415,1
DA:4418,1
DA:4423,1
DA:4424,1
DA:4425,1
DA:4426,1
DA:4427,1
DA:4428,1
DA:4429,1
DA:4430,1
DA:4431,1
DA:4432,1
DA:4433,1
DA:4434,1
DA:4437,1
DA:4442,1
DA:4443,1
DA:4444,1
DA:4445,1
DA:4446,1
DA:4447,1
DA:4448,1
DA:4449,1
DA:4450,1
DA:4451,1
DA:4452,1
DA:4453,1
DA:4456,1
DA:4461,1
DA:4462,1
DA:4463,1
DA:4464,1
DA:4465,1
DA:4466,1
DA:4467,1
DA:4468,1
DA:4469,1
DA:4470,1
DA:4471,1
DA:4472,1
DA:4475,1
DA:4480,1
DA:4481,1
DA:4482,1
DA:4483,1
DA:4484,1
DA:4485,1
DA:4486,1
DA:4487,1
DA:4488,1
DA:4489,1
DA:4490,1
DA:4491,1
DA:4494,1
DA:4499,1
DA:4500,1
DA:4501,1
DA:4502,1
DA:4503,1
DA:4504,1
DA:4505,1
DA:4506,1
DA:4507,1
DA:4508,1
DA:4509,1
DA:4510,1
DA:4513,1
DA:4518,1
DA:4519,1
DA:4520,1
DA:4521,1
DA:4522,1
DA:4523,1
DA:4524,1
DA:4525,1
DA:4526,1
DA:4527,1
DA:4528,1
DA:4529,1
DA:4532,1
DA:4537,1
DA:4538,1
DA:4539,1
DA:4540,1
DA:4541,1
DA:4542,1
DA:4543,1
DA:4544,1
DA:4545,1
DA:4546,1
DA:4547,1
DA:4548,1
DA:4551,1
DA:4556,1
DA:4557,1
DA:4558,1
DA:4559,1
DA:4560,1
DA:4561,1
DA:4562,1
DA:4563,1
DA:4564,1
DA:4565,1
DA:4566,1
DA:4567,1
DA:4570,1
DA:4575,1
DA:4576,1
DA:4577,1
DA:4578,1
DA:4579,1
DA:4580,1
DA:4581,1
DA:4582,1
DA:4583,1
DA:4584,1
DA:4585,1
DA:4586,1
DA:4589,1
DA:4594,1
DA:4595,1
DA:4596,1
DA:4597,1
DA:4598,1
DA:4599,1
DA:4600,1
DA:4601,1
DA:4602,1
DA:4603,1
DA:4604,1
DA:4605,1
DA:4608,1
DA:4613,1
DA:4614,1
DA:4615,1
DA:4616,1
DA:4617,1
DA:4618,1
DA:4619,1
DA:4620,1
DA:4621,1
DA:4622,1
DA:4623,1
DA:4624,1
DA:4627,1
DA:4632,1
DA:4633,1
DA:4634,1
DA:4635,1
DA:4636,1
DA:4637,1
DA:4638,1
DA:4639,1
DA:4640,1
DA:4641,1
DA:4642,1
DA:4643,1
DA:4646,1
DA:4651,1
DA:4652,1
DA:4653,1
DA:4654,1
DA:4655,1
DA:4656,1
DA:4657,1
DA:4658,1
DA:4659,1
DA:4660,1
DA:4661,1
DA:4662,1
DA:4665,1
DA:4670,1
DA:4671,1
DA:4672,1
DA:4673,1
DA:4674,1
DA:4675,1
DA:4676,1
DA:4677,1
DA:4678,1
DA:4679,1
DA:4680,1
DA:4681,1
DA:4684,1
DA:4689,1
DA:4690,1
DA:4691,1
DA:4692,1
DA:4693,1
DA:4694,1
DA:4695,1
DA:4696,1
DA:4697,1
DA:4698,1
DA:4699,1
DA:4700,1
DA:4703,1
DA:4708,1
DA:4709,1
DA:4710,1
DA:4711,1
DA:4712,1
DA:4713,1
DA:4714,1
DA:4715,1
DA:4716,1
DA:4717,1
DA:4718,1
DA:4719,1
DA:4722,1
DA:4727,1
DA:4728,1
DA:4729,1
DA:4730,1
DA:4731,1
DA:4732,1
DA:4733,1
DA:4734,1
DA:4735,1
DA:4736,1
DA:4737,1
DA:4738,1
DA:4741,1
DA:4746,1
DA:4747,1
DA:4748,1
DA:4749,1
DA:4750,1
DA:4751,1
DA:4752,1
DA:4753,1
DA:4754,1
DA:4755,1
DA:4756,1
DA:4757,1
DA:4760,1
DA:4765,1
DA:4766,1
DA:4767,1
DA:4768,1
DA:4769,1
DA:4770,1
DA:4771,1
DA:4772,1
DA:4773,1
DA:4774,1
DA:4775,1
DA:4776,1
DA:4779,1
DA:4784,1
DA:4785,1
DA:4786,1
DA:4787,1
DA:4788,1
DA:4789,1
DA:4790,1
DA:4791,1
DA:4792,1
DA:4793,1
DA:4794,1
DA:4795,1
DA:4798,1
DA:4803,1
DA:4804,1
DA:4805,1
DA:4806,1
DA:4807,1
DA:4808,1
DA:4809,1
DA:4810,1
DA:4811,1
DA:4812,1
DA:4813,1
DA:4814,1
DA:4817,1
DA:4822,1
DA:4823,1
DA:4824,1
DA:4825,1
DA:4826,1
DA:4827,1
DA:4828,1
DA:4829,1
DA:4830,1
DA:4831,1
DA:4832,1
DA:4833,1
DA:4836,1
DA:4841,1
DA:4842,1
DA:4843,1
DA:4844,1
DA:4845,1
DA:4846,1
DA:4847,1
DA:4848,1
DA:4849,1
DA:4850,1
DA:4851,1
DA:4852,1
DA:4855,1
DA:4860,1
DA:4861,1
DA:4862,1
DA:4863,1
DA:4864,1
DA:4865,1
DA:4866,1
DA:4867,1
DA:4868,1
DA:4869,1
DA:4870,1
DA:4871,1
DA:4874,1
DA:4879,1
DA:4880,1
DA:4881,1
DA:4882,1
DA:4883,1
DA:4884,1
DA:4885,1
DA:4886,1
DA:4887,1
DA:4888,1
DA:4889,1
DA:4890,1
DA:4893,1
DA:4898,1
DA:4899,1
DA:4900,1
DA:4901,1
DA:4902,1
DA:4903,1
DA:4904,1
DA:4905,1
DA:4906,1
DA:4907,1
DA:4908,1
DA:4909,1
DA:4912,1
DA:4917,1
DA:4918,1
DA:4919,1
DA:4920,1
DA:4921,1
DA:4922,1
DA:4923,1
DA:4924,1
DA:4925,1
DA:4926,1
DA:4927,1
DA:4928,1
DA:4931,1
DA:4936,1
DA:4937,1
DA:4938,1
DA:4939,1
DA:4940,1
DA:4941,1
DA:4942,1
DA:4943,1
DA:4944,1
DA:4945,1
DA:4946,1
DA:4947,1
DA:4950,1
DA:4955,1
DA:4956,1
DA:4957,1
DA:4958,1
DA:4959,1
DA:4960,1
DA:4961,1
DA:4962,1
DA:4963,1
DA:4964,1
DA:4965,1
DA:4966,1
DA:4969,1
DA:4974,1
DA:4975,1
DA:4976,1
DA:4977,1
DA:4978,1
DA:4979,1
DA:4980,1
DA:4981,1
DA:4982,1
DA:4983,1
DA:4984,1
DA:4985,1
DA:4988,1
DA:4993,1
DA:4994,1
DA:4995,1
DA:4996,1
DA:4997,1
DA:4998,1
DA:4999,1
DA:5000,1
DA:5001,1
DA:5002,1
DA:5003,1
DA:5004,1
DA:5007,1
DA:5012,1
DA:5013,1
DA:5014,1
DA:5015,1
DA:5016,1
DA:5017,1
DA:5018,1
DA:5019,1
DA:5020,1
DA:5021,1
DA:5022,1
DA:5023,1
DA:5026,1
DA:5031,1
DA:5032,1
DA:5033,1
DA:5034,1
DA:5035,1
DA:5036,1
DA:5037,1
DA:5038,1
DA:5039,1
DA:5040,1
DA:5041,1
DA:5042,1
DA:5045,1
DA:5050,1
DA:5051,1
DA:5052,1
DA:5053,1
DA:5054,1
DA:5055,1
DA:5056,1
DA:5057,1
DA:5058,1
DA:5059,1
DA:5060,1
DA:5061,1
DA:5064,1
DA:5069,1
DA:5070,1
DA:5071,1
DA:5072,1
DA:5073,1
DA:5074,1
DA:5075,1
DA:5076,1
DA:5077,1
DA:5078,1
DA:5079,1
DA:5080,1
DA:5083,1
DA:5088,1
DA:5089,1
DA:5090,1
DA:5091,1
DA:5092,1
DA:5093,1
DA:5094,1
DA:5095,1
DA:5096,1
DA:5097,1
DA:5098,1
DA:5099,1
DA:5102,1
DA:5107,1
DA:5108,1
DA:5109,1
DA:5110,1
DA:5111,1
DA:5112,1
DA:5113,1
DA:5114,1
DA:5115,1
DA:5116,1
DA:5117,1
DA:5118,1
DA:5121,1
DA:5126,1
DA:5127,1
DA:5128,1
DA:5129,1
DA:5130,1
DA:5131,1
DA:5132,1
DA:5133,1
DA:5134,1
DA:5135,1
DA:5136,1
DA:5137,1
DA:5140,1
DA:5145,1
DA:5146,1
DA:5147,1
DA:5148,1
DA:5149,1
DA:5150,1
DA:5151,1
DA:5152,1
DA:5153,1
DA:5154,1
DA:5155,1
DA:5156,1
DA:5159,1
DA:5164,1
DA:5165,1
DA:5166,1
DA:5167,1
DA:5168,1
DA:5169,1
DA:5170,1
DA:5171,1
DA:5172,1
DA:5173,1
DA:5174,1
DA:5175,1
DA:5178,1
DA:5183,1
DA:5184,1
DA:5185,1
DA:5186,1
DA:5187,1
DA:5188,1
DA:5189,1
DA:5190,1
DA:5191,1
DA:5192,1
DA:5193,1
DA:5194,1
DA:5197,1
DA:5202,1
DA:5203,1
DA:5204,1
DA:5205,1
DA:5206,1
DA:5207,1
DA:5208,1
DA:5209,1
DA:5210,1
DA:5211,1
DA:5212,1
DA:5213,1
DA:5216,1
DA:5221,1
DA:5222,1
DA:5223,1
DA:5224,1
DA:5225,1
DA:5226,1
DA:5227,1
DA:5228,1
DA:5229,1
DA:5230,1
DA:5231,1
DA:5232,1
DA:5235,1
DA:5240,1
DA:5241,1
DA:5242,1
DA:5243,1
DA:5244,1
DA:5245,1
DA:5246,1
DA:5247,1
DA:5248,1
DA:5249,1
DA:5250,1
DA:5251,1
DA:5254,1
DA:5259,1
DA:5260,1
DA:5261,1
DA:5262,1
DA:5263,1
DA:5264,1
DA:5265,1
DA:5266,1
DA:5267,1
DA:5268,1
DA:5269,1
DA:5270,1
DA:5273,1
DA:5278,1
DA:5279,1
DA:5280,1
DA:5281,1
DA:5282,1
DA:5283,1
DA:5284,1
DA:5285,1
DA:5286,1
DA:5287,1
DA:5288,1
DA:5289,1
DA:5292,1
DA:5297,1
DA:5298,1
DA:5299,1
DA:5300,1
DA:5301,1
DA:5302,1
DA:5303,1
DA:5304,1
DA:5305,1
DA:5306,1
DA:5307,1
DA:5308,1
DA:5311,1
DA:5316,1
DA:5317,1
DA:5318,1
DA:5319,1
DA:5320,1
DA:5321,1
DA:5322,1
DA:5323,1
DA:5324,1
DA:5325,1
DA:5326,1
DA:5327,1
DA:5330,1
DA:5335,1
DA:5336,1
DA:5337,1
DA:5338,1
DA:5339,1
DA:5340,1
DA:5341,1
DA:5342,1
DA:5343,1
DA:5344,1
DA:5345,1
DA:5346,1
DA:5349,1
DA:5354,1
DA:5355,1
DA:5356,1
DA:5357,1
DA:5358,1
DA:5359,1
DA:5360,1
DA:5361,1
DA:5362,1
DA:5363,1
DA:5364,1
DA:5365,1
DA:5368,1
DA:5373,1
DA:5374,1
DA:5375,1
DA:5376,1
DA:5377,1
DA:5378,1
DA:5379,1
DA:5380,1
DA:5381,1
DA:5382,1
DA:5383,1
DA:5384,1
DA:5387,1
DA:5392,1
DA:5393,1
DA:5394,1
DA:5395,1
DA:5396,1
DA:5397,1
DA:5398,1
DA:5399,1
DA:5400,1
DA:5401,1
DA:5402,1
DA:5403,1
DA:5406,1
DA:5411,1
DA:5412,1
DA:5413,1
DA:5414,1
DA:5415,1
DA:5416,1
DA:5417,1
DA:5418,1
DA:5419,1
DA:5420,1
DA:5421,1
DA:5422,1
DA:5425,1
DA:5430,1
DA:5431,1
DA:5432,1
DA:5433,1
DA:5434,1
DA:5435,1
DA:5436,1
DA:5437,1
DA:5438,1
DA:5439,1
DA:5440,1
DA:5441,1
DA:5444,1
DA:5449,1
DA:5450,1
DA:5451,1
DA:5452,1
DA:5453,1
DA:5454,1
DA:5455,1
DA:5456,1
DA:5457,1
DA:5458,1
DA:5459,1
DA:5460,1
DA:5463,1
DA:5468,1
DA:5469,1
DA:5470,1
DA:5471,1
DA:5472,1
DA:5473,1
DA:5474,1
DA:5475,1
DA:5476,1
DA:5477,1
DA:5478,1
DA:5479,1
DA:5482,1
DA:5487,1
DA:5488,1
DA:5489,1
DA:5490,1
DA:5491,1
DA:5492,1
DA:5493,1
DA:5494,1
DA:5495,1
DA:5496,1
DA:5497,1
DA:5498,1
DA:5501,1
DA:5506,1
DA:5507,1
DA:5508,1
DA:5509,1
DA:5510,1
DA:5511,1
DA:5512,1
DA:5513,1
DA:5514,1
DA:5515,1
DA:5516,1
DA:5517,1
DA:5520,1
DA:5525,1
DA:5526,1
DA:5527,1
DA:5528,1
DA:5529,1
DA:5530,1
DA:5531,1
DA:5532,1
DA:5533,1
DA:5534,1
DA:5535,1
DA:5536,1
DA:5539,1
DA:5544,1
DA:5545,1
DA:5546,1
DA:5547,1
DA:5548,1
DA:5549,1
DA:5550,1
DA:5551,1
DA:5552,1
DA:5553,1
DA:5554,1
DA:5555,1
DA:5558,1
DA:5563,1
DA:5564,1
DA:5565,1
DA:5566,1
DA:5567,1
DA:5568,1
DA:5569,1
DA:5570,1
DA:5571,1
DA:5572,1
DA:5573,1
DA:5574,1
DA:5577,1
DA:5582,1
DA:5583,1
DA:5584,1
DA:5585,1
DA:5586,1
DA:5587,1
DA:5588,1
DA:5589,1
DA:5590,1
DA:5591,1
DA:5592,1
DA:5593,1
DA:5596,1
DA:5601,1
DA:5602,1
DA:5603,1
DA:5604,1
DA:5605,1
DA:5606,1
DA:5607,1
DA:5608,1
DA:5609,1
DA:5610,1
DA:5611,1
DA:5612,1
DA:5615,1
DA:5620,1
DA:5621,1
DA:5622,1
DA:5623,1
DA:5624,1
DA:5625,1
DA:5626,1
DA:5627,1
DA:5628,1
DA:5629,1
DA:5630,1
DA:5631,1
DA:5634,1
DA:5639,1
DA:5640,1
DA:5641,1
DA:5642,1
DA:5643,1
DA:5644,1
DA:5645,1
DA:5646,1
DA:5647,1
DA:5648,1
DA:5649,1
DA:5650,1
DA:5653,1
DA:5658,1
DA:5659,1
DA:5660,1
DA:5661,1
DA:5662,1
DA:5663,1
DA:5664,1
DA:5665,1
DA:5666,1
DA:5667,1
DA:5668,1
DA:5669,1
DA:5672,1
DA:5677,1
DA:5678,1
DA:5679,1
DA:5680,1
DA:5681,1
DA:5682,1
DA:5683,1
DA:5684,1
DA:5685,1
DA:5686,1
DA:5687,1
DA:5688,1
DA:5691,1
DA:5696,1
DA:5697,1
DA:5698,1
DA:5699,1
DA:5700,1
DA:5701,1
DA:5702,1
DA:5703,1
DA:5704,1
DA:5705,1
DA:5706,1
DA:5707,1
DA:5708,1
DA:5709,1
DA:5710,1
DA:5711,1
DA:5712,1
DA:5713,1
DA:5714,1
DA:5715,1
DA:5718,1
DA:5720,1
DA:5721,1
DA:5722,1
DA:5723,1
DA:5724,1
DA:5725,1
DA:5726,1
DA:5727,1
DA:5728,1
DA:5729,1
DA:5730,1
DA:5731,1
DA:5734,1
DA:5736,1
DA:5737,1
DA:5738,1
DA:5739,1
DA:5740,1
DA:5741,1
DA:5742,1
DA:5743,1
DA:5744,1
DA:5745,1
DA:5746,1
DA:5747,1
DA:5750,1
DA:5755,1
DA:5756,1
DA:5757,1
DA:5758,1
DA:5759,1
DA:5760,1
DA:5761,1
DA:5762,1
DA:5763,1
DA:5764,1
DA:5765,1
DA:5766,1
DA:5767,1
DA:5768,1
DA:5769,1
DA:5770,1
DA:5771,1
DA:5772,1
DA:5773,1
DA:5774,1
DA:5777,1
DA:5782,1
DA:5783,1
DA:5784,1
DA:5785,1
DA:5786,1
DA:5787,1
DA:5788,1
DA:5789,1
DA:5790,1
DA:5791,1
DA:5792,1
DA:5793,1
DA:5794,1
DA:5795,1
DA:5796,1
DA:5797,1
DA:5798,1
DA:5799,1
DA:5800,1
DA:5801,1
DA:5804,1
DA:5806,1
DA:5807,1
DA:5808,1
DA:5809,1
DA:5810,1
DA:5811,1
DA:5812,1
DA:5813,1
DA:5814,1
DA:5815,1
DA:5816,1
DA:5817,1
DA:5818,1
DA:5819,1
DA:5822,1
DA:5824,1
DA:5825,1
DA:5826,1
DA:5827,1
DA:5828,1
DA:5829,1
DA:5830,1
DA:5831,1
DA:5832,1
DA:5833,1
DA:5834,1
DA:5835,1
DA:5838,1
DA:5840,1
DA:5841,1
DA:5842,1
DA:5843,1
DA:5844,1
DA:5845,1
DA:5846,1
DA:5847,1
DA:5848,1
DA:5849,1
DA:5850,1
DA:5851,1
DA:5854,1
DA:5856,1
DA:5857,1
DA:5858,1
DA:5859,1
DA:5861,1
DA:5862,1
DA:5863,1
DA:5864,1
DA:5866,1
DA:5867,1
DA:5868,1
DA:5869,1
DA:5870,1
DA:5871,1
DA:5872,1
DA:5873,1
DA:5876,1
DA:5881,1
DA:5882,1
DA:5883,1
DA:5884,1
DA:5885,1
DA:5886,1
DA:5887,1
DA:5888,1
DA:5889,1
DA:5890,1
DA:5891,1
DA:5892,1
DA:5893,1
DA:5894,1
DA:5895,1
DA:5896,1
DA:5897,1
DA:5898,1
DA:5899,1
DA:5900,1
DA:5903,1
DA:5908,1
DA:5909,1
DA:5910,1
DA:5911,1
DA:5912,1
DA:5913,1
DA:5914,1
DA:5915,1
DA:5916,1
DA:5917,1
DA:5918,1
DA:5919,1
DA:5920,1
DA:5921,1
DA:5922,1
DA:5923,1
DA:5924,1
DA:5925,1
DA:5926,1
DA:5927,1
DA:5930,1
DA:5935,1
DA:5936,1
DA:5937,1
DA:5938,1
DA:5939,1
DA:5940,1
DA:5941,1
DA:5942,1
DA:5943,1
DA:5944,1
DA:5945,1
DA:5946,1
DA:5947,1
DA:5948,1
DA:5949,1
DA:5950,1
DA:5951,1
DA:5952,1
DA:5953,1
DA:5954,1
DA:5957,1
DA:5962,1
DA:5963,1
DA:5964,1
DA:5965,1
DA:5966,1
DA:5967,1
DA:5968,1
DA:5969,1
DA:5970,1
DA:5971,1
DA:5972,1
DA:5973,1
DA:5974,1
DA:5975,1
DA:5976,1
DA:5977,1
DA:5978,1
DA:5979,1
DA:5980,1
DA:5981,1
DA:5984,1
DA:5989,1
DA:5990,1
DA:5991,1
DA:5992,1
DA:5993,1
DA:5994,1
DA:5995,1
DA:5996,1
DA:5997,1
DA:5998,1
DA:5999,1
DA:6000,1
DA:6001,1
DA:6002,1
DA:6003,1
DA:6004,1
DA:6005,1
DA:6006,1
DA:6007,1
DA:6008,1
DA:6011,1
DA:6016,1
DA:6017,1
DA:6018,1
DA:6019,1
DA:6020,1
DA:6021,1
DA:6022,1
DA:6023,1
DA:6024,1
DA:6025,1
DA:6026,1
DA:6027,1
DA:6028,1
DA:6029,1
DA:6030,1
DA:6031,1
DA:6032,1
DA:6033,1
DA:6034,1
DA:6035,1
DA:6038,1
DA:6043,1
DA:6044,1
DA:6045,1
DA:6046,1
DA:6047,1
DA:6048,1
DA:6049,1
DA:6050,1
DA:6051,1
DA:6052,1
DA:6053,1
DA:6054,1
DA:6055,1
DA:6056,1
DA:6057,1
DA:6058,1
DA:6059,1
DA:6060,1
DA:6061,1
DA:6062,1
DA:6065,1
DA:6070,1
DA:6071,1
DA:6072,1
DA:6073,1
DA:6074,1
DA:6075,1
DA:6076,1
DA:6077,1
DA:6078,1
DA:6079,1
DA:6080,1
DA:6081,1
DA:6082,1
DA:6083,1
DA:6084,1
DA:6085,1
DA:6086,1
DA:6087,1
DA:6088,1
DA:6089,1
DA:6092,1
DA:6097,1
DA:6098,1
DA:6099,1
DA:6100,1
DA:6101,1
DA:6102,1
DA:6103,1
DA:6104,1
DA:6105,1
DA:6106,1
DA:6107,1
DA:6108,1
DA:6109,1
DA:6110,1
DA:6111,1
DA:6112,1
DA:6113,1
DA:6114,1
DA:6115,1
DA:6116,1
DA:6119,1
DA:6124,1
DA:6125,1
DA:6126,1
DA:6127,1
DA:6128,1
DA:6129,1
DA:6130,1
DA:6131,1
DA:6132,1
DA:6133,1
DA:6134,1
DA:6135,1
DA:6136,1
DA:6137,1
DA:6138,1
DA:6139,1
DA:6140,1
DA:6141,1
DA:6142,1
DA:6143,1
DA:6146,1
DA:6151,1
DA:6152,1
DA:6153,1
DA:6154,1
DA:6155,1
DA:6156,1
DA:6157,1
DA:6158,1
DA:6159,1
DA:6160,1
DA:6161,1
DA:6162,1
DA:6163,1
DA:6164,1
DA:6165,1
DA:6166,1
DA:6167,1
DA:6168,1
DA:6169,1
DA:6170,1
DA:6173,1
DA:6178,1
DA:6179,1
DA:6180,1
DA:6181,1
DA:6182,1
DA:6183,1
DA:6184,1
DA:6185,1
DA:6186,1
DA:6187,1
DA:6188,1
DA:6189,1
DA:6190,1
DA:6191,1
DA:6192,1
DA:6193,1
DA:6194,1
DA:6195,1
DA:6196,1
DA:6197,1
DA:6200,1
DA:6205,1
DA:6206,1
DA:6207,1
DA:6208,1
DA:6209,1
DA:6210,1
DA:6211,1
DA:6212,1
DA:6213,1
DA:6214,1
DA:6215,1
DA:6216,1
DA:6217,1
DA:6218,1
DA:6219,1
DA:6220,1
DA:6221,1
DA:6222,1
DA:6223,1
DA:6224,1
DA:6227,1
DA:6232,1
DA:6233,1
DA:6234,1
DA:6235,1
DA:6236,1
DA:6237,1
DA:6238,1
DA:6239,1
DA:6240,1
DA:6241,1
DA:6242,1
DA:6243,1
DA:6244,1
DA:6245,1
DA:6246,1
DA:6247,1
DA:6248,1
DA:6249,1
DA:6250,1
DA:6251,1
DA:6254,1
DA:6259,1
DA:6260,1
DA:6261,1
DA:6262,1
DA:6263,1
DA:6264,1
DA:6265,1
DA:6266,1
DA:6267,1
DA:6268,1
DA:6269,1
DA:6270,1
DA:6271,1
DA:6272,1
DA:6273,1
DA:6274,1
DA:6275,1
DA:6276,1
DA:6277,1
DA:6278,1
DA:6281,1
DA:6286,1
DA:6287,1
DA:6288,1
DA:6289,1
[...]
DA:11197,1
DA:11198,1
DA:11199,1
DA:11200,1
DA:11202,1
DA:11203,1
DA:11204,1
DA:11205,1
DA:11206,1
DA:11207,1
DA:11208,1
DA:11209,1
DA:11210,1
DA:11211,1
DA:11212,1
DA:11213,1
DA:11216,1
DA:11219,1
DA:11220,1
DA:11221,1
DA:11222,1
DA:11224,1
DA:11225,1
DA:11226,1
DA:11227,1
DA:11228,1
DA:11229,1
DA:11230,1
DA:11231,1
DA:11232,1
DA:11233,1
DA:11234,1
DA:11235,1
DA:11238,1
DA:11239,1
DA:11240,1
DA:11241,1
DA:11242,1
DA:11245,1
DA:11246,1
DA:11247,1
DA:11248,1
DA:11250,1
DA:11251,1
DA:11252,1
DA:11253,1
DA:11254,1
DA:11255,1
DA:11256,1
DA:11257,1
DA:11258,1
DA:11259,1
DA:11260,1
DA:11261,1
DA:11262,1
DA:11263,1
DA:11264,1
DA:11265,1
DA:11266,1
DA:11267,1
DA:11268,1
DA:11269,1
DA:11270,1
DA:11271,1
DA:11272,1
DA:11273,1
DA:11274,1
DA:11275,1
DA:11276,1
DA:11277,1
DA:11278,1
DA:11279,1
DA:11280,1
DA:11281,1
DA:11282,1
DA:11283,1
DA:11284,1
DA:11285,1
DA:11286,1
DA:11287,1
DA:11288,1
DA:11289,1
DA:11290,1
DA:11291,1
DA:11292,1
DA:11293,1
DA:11294,1
DA:11295,1
DA:11296,1
DA:11297,1
DA:11298,1
DA:11299,1
DA:11300,1
DA:11301,1
DA:11302,1
DA:11303,1
DA:11304,1
DA:11305,1
DA:11306,1
DA:11307,1
DA:11308,1
DA:11309,1
DA:11310,1
DA:11311,1
DA:11312,1
DA:11313,1
DA:11314,1
DA:11315,1
DA:11316,1
DA:11317,1
DA:11318,1
DA:11319,1
DA:11320,1
DA:11321,1
DA:11322,1
DA:11323,1
DA:11324,1
DA:11325,1
DA:11326,1
DA:11327,1
DA:11328,1
DA:11329,1
DA:11330,1
DA:11331,1
DA:11332,1
DA:11333,1
DA:11334,1
DA:11335,1
DA:11336,1
DA:11337,1
DA:11338,1
DA:11339,1
DA:11340,1
DA:11341,1
DA:11342,1
DA:11343,1
DA:11344,1
DA:11345,1
DA:11346,1
DA:11347,1
DA:11348,1
DA:11349,1
DA:11350,1
DA:11351,1
DA:11352,1
DA:11353,1
DA:11354,1
DA:11355,1
DA:11356,1
DA:11357,1
DA:11358,1
DA:11359,1
DA:11360,1
DA:11361,1
DA:11362,1
DA:11363,1
DA:11364,1
DA:11365,1
DA:11366,1
DA:11367,1
DA:11368,1
DA:11369,1
DA:11370,1
DA:11371,1
DA:11372,1
DA:11373,1
DA:11374,1
DA:11375,1
DA:11376,1
DA:11377,1
DA:11378,1
DA:11379,1
DA:11380,1
DA:11381,1
DA:11382,1
DA:11383,1
DA:11384,1
DA:11385,1
DA:11386,1
DA:11387,1
DA:11388,1
DA:11389,1
DA:11390,1
DA:11391,1
DA:11392,1
DA:11393,1
DA:11394,1
DA:11395,1
DA:11396,1
DA:11397,1
DA:11398,1
DA:11399,1
DA:11400,1
DA:11401,1
DA:11402,1
DA:11403,1
DA:11404,1
DA:11405,1
DA:11406,1
DA:11407,1
DA:11408,1
DA:11409,1
DA:11410,1
DA:11411,1
DA:11412,1
DA:11413,1
DA:11414,1
DA:11415,1
DA:11416,1
DA:11417,1
DA:11418,1
DA:11419,1
DA:11420,1
DA:11421,1
DA:11422,1
DA:11423,1
DA:11424,1
DA:11425,1
DA:11426,1
DA:11427,1
DA:11428,1
DA:11429,1
DA:11430,1
DA:11431,1
DA:11432,1
DA:11433,1
DA:11434,1
DA:11435,1
DA:11436,1
DA:11437,1
DA:11438,1
DA:11439,1
DA:11440,1
DA:11441,1
DA:11442,1
DA:11443,1
DA:11444,1
DA:11445,1
DA:11446,1
DA:11447,1
DA:11448,1
DA:11449,1
DA:11450,1
DA:11451,1
DA:11452,1
DA:11453,1
DA:11454,1
DA:11455,1
DA:11456,1
DA:11457,1
DA:11458,1
DA:11459,1
DA:11460,1
DA:11461,1
DA:11462,1
DA:11463,1
DA:11464,1
DA:11465,1
DA:11466,1
DA:11467,1
DA:11468,1
DA:11469,1
DA:11470,1
DA:11471,1
DA:11472,1
DA:11473,1
DA:11474,1
DA:11475,1
DA:11476,1
DA:11477,1
DA:11478,1
DA:11479,1
DA:11480,1
DA:11481,1
DA:11482,1
DA:11483,1
DA:11484,1
DA:11485,1
DA:11486,1
DA:11487,1
DA:11488,1
DA:11489,1
DA:11490,1
DA:11491,1
DA:11492,1
DA:11493,1
DA:11494,1
DA:11495,1
DA:11496,1
DA:11497,1
DA:11498,1
DA:11499,1
DA:11500,1
DA:11501,1
DA:11502,1
DA:11503,1
DA:11504,1
DA:11505,1
DA:11506,1
DA:11507,1
DA:11508,1
DA:11509,1
DA:11510,1
DA:11511,1
DA:11512,1
DA:11513,1
DA:11514,1
DA:11515,1
DA:11516,1
DA:11517,1
DA:11518,1
DA:11519,1
DA:11520,1
DA:11521,1
DA:11523,1
DA:11524,1
DA:11525,1
DA:11526,1
DA:11527,1
DA:11528,1
DA:11529,1
DA:11530,1
DA:11531,1
DA:11532,1
DA:11533,1
DA:11534,1
DA:11535,1
DA:11536,1
DA:11537,1
DA:11538,1
DA:11539,1
DA:11540,1
DA:11541,1
DA:11542,1
DA:11543,1
DA:11544,1
DA:11545,1
DA:11546,1
DA:11547,1
DA:11548,1
DA:11549,1
DA:11550,1
DA:11551,1
DA:11552,1
DA:11553,1
DA:11554,1
DA:11555,1
DA:11556,1
DA:11557,1
DA:11558,1
DA:11559,1
DA:11560,1
DA:11561,1
DA:11562,1
DA:11563,1
DA:11564,1
DA:11565,1
DA:11566,1
DA:11567,1
DA:11568,1
DA:11569,1
DA:11570,1
DA:11571,1
DA:11572,1
DA:11573,1
DA:11574,1
DA:11575,1
DA:11576,1
DA:11577,1
DA:11578,1
DA:11579,1
DA:11580,1
DA:11581,1
DA:11582,1
DA:11583,1
DA:11584,1
DA:11585,1
DA:11586,1
DA:11587,1
DA:11588,1
DA:11589,1
DA:11590,1
DA:11591,1
DA:11592,1
DA:11593,1
DA:11594,1
DA:11595,1
DA:11596,1
DA:11597,1
DA:11598,1
DA:11599,1
DA:11600,1
DA:11601,1
DA:11602,1
DA:11603,1
DA:11604,1
DA:11605,1
DA:11606,1
DA:11607,1
DA:11608,1
DA:11609,1
DA:11610,1
DA:11611,1
DA:11612,1
DA:11613,1
DA:11614,1
DA:11615,1
DA:11616,1
DA:11617,1
DA:11618,1
DA:11619,1
DA:11620,1
DA:11621,1
DA:11622,1
DA:11623,1
DA:11624,1
DA:11625,1
DA:11626,1
DA:11627,1
DA:11628,1
DA:11629,1
DA:11630,1
DA:11631,1
DA:11632,1
DA:11633,1
DA:11634,1
DA:11635,1
DA:11636,1
DA:11637,1
DA:11638,1
DA:11639,1
DA:11640,1
DA:11641,1
DA:11642,1
DA:11643,1
DA:11644,1
DA:11645,1
DA:11646,1
DA:11647,1
DA:11648,1
DA:11649,1
DA:11650,1
DA:11651,1
DA:11652,1
DA:11653,1
DA:11654,1
DA:11655,1
DA:11656,1
DA:11657,1
DA:11658,1
DA:11659,1
DA:11660,1
DA:11661,1
DA:11662,1
DA:11663,1
DA:11664,1
DA:11665,1
DA:11666,1
DA:11667,1
DA:11668,1
DA:11669,1
DA:11670,1
DA:11671,1
DA:11672,1
DA:11673,1
DA:11674,1
DA:11675,1
DA:11676,1
DA:11677,1
DA:11678,1
DA:11679,1
DA:11680,1
DA:11681,1
DA:11682,1
DA:11683,1
DA:11684,1
DA:11685,1
DA:11686,1
DA:11687,1
DA:11688,1
DA:11689,1
DA:11690,1
DA:11691,1
DA:11692,1
DA:11693,1
DA:11694,1
DA:11695,1
DA:11696,1
DA:11697,1
DA:11698,1
DA:11699,1
DA:11700,1
DA:11701,1
DA:11702,1
DA:11703,1
DA:11704,1
DA:11705,1
DA:11706,1
DA:11707,1
DA:11708,1
DA:11709,1
DA:11710,1
DA:11711,1
DA:11712,1
DA:11713,1
DA:11714,1
DA:11715,1
DA:11716,1
DA:11717,1
DA:11718,1
DA:11719,1
DA:11720,1
DA:11721,1
DA:11722,1
DA:11723,1
DA:11724,1
DA:11725,1
DA:11726,1
DA:11727,1
DA:11728,1
DA:11729,1
DA:11730,1
DA:11731,1
DA:11732,1
DA:11733,1
DA:11734,1
DA:11735,1
DA:11736,1
DA:11737,1
DA:11738,1
DA:11740,1
DA:11741,1
DA:11742,1
DA:11743,1
DA:11744,1
DA:11745,1
DA:11746,1
DA:11747,1
DA:11748,1
DA:11749,1
DA:11750,1
DA:11751,1
DA:11752,1
DA:11753,1
DA:11754,1
DA:11755,1
DA:11756,1
DA:11757,1
DA:11758,1
DA:11759,1
DA:11760,1
DA:11761,1
DA:11762,1
DA:11763,1
DA:11764,1
DA:11765,1
DA:11766,1
DA:11767,1
DA:11768,1
DA:11769,1
DA:11770,1
DA:11771,1
DA:11772,1
DA:11773,1
DA:11774,1
DA:11775,1
DA:11776,1
DA:11777,1
DA:11778,1
DA:11779,1
DA:11780,1
DA:11781,1
DA:11782,1
DA:11783,1
DA:11784,1
DA:11785,1
DA:11786,1
DA:11787,1
DA:11788,1
DA:11789,1
DA:11790,1
DA:11791,1
DA:11792,1
DA:11793,1
DA:11794,1
DA:11795,1
DA:11796,1
DA:11797,1
DA:11798,1
DA:11799,1
DA:11800,1
DA:11801,1
DA:11802,1
DA:11803,1
DA:11804,1
DA:11805,1
DA:11806,1
DA:11809,1
DA:11810,1
DA:11811,1
DA:11812,1
DA:11813,1
DA:11814,1
DA:11815,1
DA:11816,1
DA:11817,1
DA:11818,1
DA:11819,1
DA:11820,1
DA:11822,1
DA:11823,1
DA:11824,1
DA:11825,1
DA:11826,1
DA:11827,1
DA:11829,1
DA:11830,1
DA:11831,1
DA:11834,1
DA:11835,1
DA:11836,1
DA:11838,1
DA:11839,1
DA:11840,1
DA:11841,1
DA:11843,1
FNF:568
FNH:568
LF:8723
LH:8723
end_of_record
TN:
SF:/Users/admin/Desktop/Cici/21_prjects/decimal/big_decimal_functions.c
FN:7,s21_normalize_big
FNDA:336,s21_normalize_big
FN:32,rewrite_decimal_to_big
FNDA:1016,rewrite_decimal_to_big
FN:45,rewrite_from_big_decimal_to_decimal
FNDA:113,rewrite_from_big_decimal_to_decimal
FN:59,s21_get_power_of_big_decimal
FNDA:14705,s21_get_power_of_big_decimal
FN:73,s21_set_bits_from_int_to_big_decimal
FNDA:1813,s21_set_bits_from_int_to_big_decimal
FN:89,s21_set_power_of_big_decimal
FNDA:1813,s21_set_power_of_big_decimal
FN:98,s21_truncate_zero_big
FNDA:0,s21_truncate_zero_big
FN:116,s21_is_equal_big
FNDA:275,s21_is_equal_big
FN:133,s21_is_decimal_0_big
FNDA:30,s21_is_decimal_0_big
FN:138,s21_set_dec_number_to_1_big
FNDA:0,s21_set_dec_number_to_1_big
FN:143,s21_is_greater_big
FNDA:837,s21_is_greater_big
FN:170,s21_is_less_big
FNDA:597,s21_is_less_big
FN:174,s21_is_less_or_equal_big
FNDA:33,s21_is_less_or_equal_big
FN:178,s21_is_greater_or_equal_big
FNDA:46,s21_is_greater_or_equal_big
FN:182,s21_mul_decimal_by_10_big
FNDA:1,s21_mul_decimal_by_10_big
FN:195,s21_div_decimal_by_10_big
FNDA:0,s21_div_decimal_by_10_big
FN:272,s21_round_big
FNDA:0,s21_round_big
FN:300,s21_round_banking_big
FNDA:0,s21_round_banking_big
FN:321,s21_truncate_big
FNDA:0,s21_truncate_big
FN:340,s21_decimal_get_zerofive_big
FNDA:0,s21_decimal_get_zerofive_big
FN:346,s21_decimal_even_big
FNDA:0,s21_decimal_even_big
FN:351,s21_set_bit_1_big
FNDA:155789,s21_set_bit_1_big
FN:357,s21_set_bit_0_big
FNDA:711809,s21_set_bit_0_big
FN:363,s21_get_bit_big
FNDA:2562459,s21_get_bit_big
DA:7,336
DA:8,336
DA:9,336
DA:10,336
DA:11,336
DA:12,336
DA:14,336
DA:15,713
DA:16,614
DA:17,614
DA:20,99
DA:21,237
DA:22,1508
DA:23,1348
DA:24,1348
DA:26,160
DA:28,77
DA:29,336
DA:32,1016
DA:33,1016
DA:35,98552
DA:36,97536
DA:37,26171
DA:38,26171
DA:39,71365
DA:41,97536
DA:42,1016
DA:43,1016
DA:45,113
DA:47,113
DA:49,10961
DA:50,10848
DA:51,2013
DA:52,2013
DA:53,8835
DA:55,10848
DA:56,113
DA:57,113
DA:59,14705
DA:60,14705
DA:61,14705
DA:62,14705
DA:63,117640
DA:64,102935
DA:65,2561
DA:66,2561
DA:67,102935
DA:68,102935
DA:70,14705
DA:73,1813
DA:75,1813
DA:76,1813
DA:77,3906
DA:78,4078
DA:79,2265
DA:80,963
DA:81,963
DA:82,1302
DA:83,1302
DA:85,2265
DA:87,1813
DA:89,1813
DA:90,1813
DA:91,14504
DA:92,12691
DA:93,12691
DA:94,1813
DA:95,1813
DA:96,1813
DA:98,0
DA:99,0
DA:100,0
DA:101,0
DA:102,0
DA:103,0
DA:104,0
DA:105,0
DA:106,0
DA:107,0
DA:108,0
DA:109,0
DA:112,0
DA:113,0
DA:116,275
DA:117,275
DA:118,275
DA:119,275
DA:121,275
DA:122,138
DA:123,138
DA:125,377
DA:126,102
DA:127,372
DA:128,97
DA:130,275
DA:133,30
DA:134,30
DA:135,30
DA:138,0
DA:139,0
DA:140,0
DA:141,0
DA:143,837
DA:144,837
DA:145,837
DA:146,837
DA:147,837
DA:148,837
DA:150,837
DA:151,165
DA:152,165
DA:154,140689
DA:155,139852
DA:156,139852
DA:157,139852
DA:160,837
DA:161,636
DA:162,201
DA:163,75
DA:165,126
DA:167,837
DA:170,597
DA:171,597
DA:174,33
DA:175,33
DA:178,46
DA:179,46
DA:182,1
DA:183,1
DA:184,1
DA:185,1
DA:188,1
DA:189,0
DA:191,1
DA:192,1
DA:195,0
DA:197,0
DA:198,0
DA:199,0
DA:201,0
DA:202,0
DA:203,0
DA:204,0
DA:205,0
DA:206,0
DA:207,0
DA:208,0
DA:210,0
DA:211,0
DA:212,0
DA:213,0
DA:215,0
DA:216,0
DA:217,0
DA:218,0
DA:219,0
DA:220,0
DA:221,0
DA:222,0
DA:223,0
DA:224,0
DA:225,0
DA:226,0
DA:227,0
DA:228,0
DA:233,0
DA:234,0
DA:235,0
DA:236,0
DA:237,0
DA:238,0
DA:240,0
DA:241,0
DA:242,0
DA:244,0
DA:245,0
DA:246,0
DA:247,0
DA:248,0
DA:249,0
DA:250,0
DA:251,0
DA:254,0
DA:255,0
DA:256,0
DA:257,0
DA:259,0
DA:262,0
DA:263,0
DA:264,0
DA:265,0
DA:267,0
DA:268,0
DA:269,0
DA:272,0
DA:273,0
DA:274,0
DA:276,0
DA:277,0
DA:278,0
DA:280,0
DA:281,0
DA:282,0
DA:284,0
DA:287,0
DA:289,0
DA:291,0
DA:292,0
DA:293,0
DA:294,0
DA:297,0
DA:300,0
DA:302,0
DA:304,0
DA:306,0
DA:307,0
DA:308,0
DA:309,0
DA:310,0
DA:312,0
DA:313,0
DA:314,0
DA:315,0
DA:318,0
DA:321,0
DA:322,0
DA:323,0
DA:324,0
DA:325,0
DA:326,0
DA:327,0
DA:328,0
DA:329,0
DA:330,0
DA:331,0
DA:333,0
DA:334,0
DA:335,0
DA:336,0
DA:337,0
DA:340,0
DA:341,0
DA:343,0
DA:346,0
DA:347,0
DA:351,155789
DA:352,155789
DA:353,155789
DA:354,155789
DA:355,155789
DA:357,711809
DA:358,711809
DA:359,711809
DA:360,711809
DA:361,711809
DA:363,2562459
DA:364,2562459
DA:365,2562459
DA:366,2562459
FNF:24
FNH:16
LF:259
LH:130
end_of_record
TN:
SF:/Users/admin/Desktop/Cici/21_prjects/decimal/substruction.c
FN:4,s21_sign_handle
FNDA:101,s21_sign_handle
FN:43,s21_sub
FNDA:50,s21_sub
FN:98,s21_sub_big
FNDA:79,s21_sub_big
DA:4,101
DA:8,101
DA:9,101
DA:10,101
DA:13,101
DA:14,50
DA:15,2
DA:16,2
DA:18,50
DA:19,2
DA:20,2
DA:22,2
DA:23,46
DA:26,50
DA:27,51
DA:28,3
DA:29,3
DA:31,51
DA:32,1
DA:33,1
DA:35,1
DA:36,47
DA:40,101
DA:43,50
DA:44,50
DA:45,50
DA:46,50
DA:47,50
DA:48,50
DA:50,50
DA:51,46
DA:52,46
DA:53,46
DA:54,46
DA:56,46
DA:58,46
DA:59,46
DA:60,46
DA:62,46
DA:63,46
DA:66,46
DA:67,36
DA:68,36
DA:69,36
DA:70,36
DA:71,10
DA:72,10
DA:73,10
DA:74,10
DA:75,10
DA:76,10
DA:79,46
DA:80,46
DA:81,46
DA:82,46
DA:83,46
DA:84,46
DA:85,46
DA:86,46
DA:87,0
DA:88,0
DA:89,0
DA:90,0
DA:91,46
DA:92,50
DA:98,79
DA:100,79
DA:102,79
DA:103,79
DA:104,79
DA:105,79
DA:107,79
DA:108,79
DA:110,79
DA:111,79
DA:112,79
DA:113,79
DA:114,79
DA:115,79
DA:116,79
DA:117,79
DA:119,79
DA:120,25
DA:121,25
DA:123,15168
DA:124,15089
DA:125,15089
DA:127,15089
DA:128,13485
DA:130,15089
DA:131,631
DA:133,1604
DA:134,190
DA:135,190
DA:137,614
DA:138,424
DA:139,190
DA:140,190
DA:141,190
DA:142,234
DA:143,234
DA:146,190
DA:147,190
DA:149,973
DA:150,783
DA:151,783
DA:152,15089
DA:155,79
DA:156,46
DA:157,46
DA:158,46
DA:159,46
DA:160,0
DA:161,0
DA:162,0
DA:163,0
DA:164,0
DA:165,0
DA:166,0
DA:167,0
DA:168,0
DA:169,0
DA:170,0
DA:172,0
DA:173,0
DA:175,0
DA:176,0
DA:177,0
DA:178,0
DA:179,0
DA:181,0
DA:182,0
DA:185,46
DA:186,46
DA:188,46
DA:189,33
DA:192,79
FNF:3
FNH:3
LF:137
LH:113
end_of_record
TN:
SF:/Users/admin/Desktop/Cici/21_prjects/decimal/bits_and_addition_function.c
FN:3,s21_get_row
FNDA:3556676,s21_get_row
FN:4,s21_get_col
FNDA:3556676,s21_get_col
FN:6,s21_set_sign_of_int_and_float_number
FNDA:7,s21_set_sign_of_int_and_float_number
FN:31,s21_truncate_zero
FNDA:0,s21_truncate_zero
FN:40,s21_cut_exp
FNDA:21,s21_cut_exp
FN:47,s21_get_bits
FNDA:21,s21_get_bits
FN:52,s21_get_bit
FNDA:113262,s21_get_bit
FN:58,s21_get_bit_from_not_decimal
FNDA:0,s21_get_bit_from_not_decimal
FN:63,s21_set_bit_1
FNDA:2410,s21_set_bit_1
FN:69,s21_set_bit_0
FNDA:10947,s21_set_bit_0
FN:75,s21_set_dec_number_to_0
FNDA:181,s21_set_dec_number_to_0
FN:79,s21_set_big_dec_number_to_0
FNDA:5722,s21_set_big_dec_number_to_0
FN:83,s21_is_decimal_0
FNDA:16,s21_is_decimal_0
FN:88,s21_inverse_bit
FNDA:0,s21_inverse_bit
FN:98,s21_div_decimal_by_10
FNDA:942,s21_div_decimal_by_10
FN:108,s21_mul_decimal_by_10
FNDA:0,s21_mul_decimal_by_10
FN:118,s21_get_power_of_decimal
FNDA:1154,s21_get_power_of_decimal
FN:133,s21_decimal_get_inf
FNDA:0,s21_decimal_get_inf
FN:139,s21_is_max_decimal
FNDA:0,s21_is_max_decimal
FN:144,s21_set_dec_number_to_1
FNDA:0,s21_set_dec_number_to_1
FN:149,s21_set_power_of_decimal
FNDA:216,s21_set_power_of_decimal
FN:160,s21_decimal_get_zerofive
FNDA:21,s21_decimal_get_zerofive
FN:166,s21_decimal_even
FNDA:0,s21_decimal_even
FN:168,s21_normalize
FNDA:0,s21_normalize
DA:3,3556676
DA:4,3556676
DA:6,7
DA:8,7
DA:9,0
DA:10,0
DA:11,0
DA:12,0
DA:13,0
DA:15,0
DA:16,0
DA:17,7
DA:18,7
DA:19,7
DA:20,0
DA:21,0
DA:22,0
DA:23,0
DA:24,7
DA:25,1
DA:26,1
DA:29,7
DA:31,0
DA:32,0
DA:33,0
DA:34,0
DA:35,0
DA:37,0
DA:38,0
DA:40,21
DA:41,216
DA:42,195
DA:43,195
DA:44,21
DA:45,21
DA:47,21
DA:48,21
DA:49,21
DA:52,113262
DA:53,113262
DA:54,113262
DA:55,113262
DA:58,0
DA:59,0
DA:60,0
DA:63,2410
DA:64,2410
DA:65,2410
DA:66,2410
DA:67,2410
DA:69,10947
DA:70,10947
DA:71,10947
DA:72,10947
DA:73,10947
DA:75,181
DA:76,181
DA:77,181
DA:79,5722
DA:80,5722
DA:81,5722
DA:83,16
DA:84,16
DA:85,16
DA:88,0
DA:89,0
DA:90,0
DA:91,0
DA:98,942
DA:99,942
DA:100,3768
DA:101,2826
DA:102,2826
DA:103,2826
DA:104,2826
DA:105,2826
DA:106,942
DA:108,0
DA:109,0
DA:110,0
DA:112,0
DA:113,0
DA:115,0
DA:116,0
DA:118,1154
DA:119,1154
DA:120,1154
DA:121,1154
DA:122,10386
DA:123,9232
DA:124,1546
DA:125,1546
DA:126,9232
DA:127,9232
DA:129,1154
DA:130,1154
DA:133,0
DA:134,0
DA:136,0
DA:139,0
DA:140,0
DA:141,0
DA:144,0
DA:145,0
DA:146,0
DA:147,0
DA:149,216
DA:150,216
DA:151,1944
DA:152,1728
DA:153,1728
DA:154,216
DA:155,216
DA:156,216
DA:160,21
DA:161,21
DA:163,21
DA:166,0
DA:168,0
DA:169,0
DA:170,0
DA:171,0
DA:172,0
DA:173,0
DA:175,0
DA:176,0
DA:177,0
DA:178,0
DA:180,0
DA:181,0
DA:182,0
DA:183,0
DA:184,0
DA:186,0
DA:188,0
DA:189,0
FNF:24
FNH:15
LF:136
LH:75
end_of_record
TN:
SF:/Users/admin/Desktop/Cici/21_prjects/decimal/int_and_decimal.c
FN:3,s21_set_bits_from_int_to_decimal
FNDA:249,s21_set_bits_from_int_to_decimal
FN:19,s21_from_int_to_decimal
FNDA:26,s21_from_int_to_decimal
FN:36,s21_from_decimal_to_int
FNDA:24,s21_from_decimal_to_int
DA:3,249
DA:5,249
DA:6,249
DA:7,745
DA:8,737
DA:9,488
DA:10,182
DA:11,182
DA:12,306
DA:13,306
DA:15,488
DA:17,249
DA:19,26
DA:20,26
DA:21,26
DA:22,26
DA:23,26
DA:24,26
DA:25,12
DA:26,12
DA:27,12
DA:28,0
DA:30,12
DA:31,26
DA:32,26
DA:33,26
DA:36,24
DA:37,24
DA:39,24
DA:40,24
DA:42,24
DA:43,24
DA:44,24
DA:45,24
DA:46,24
DA:48,241
DA:49,217
DA:50,217
DA:52,2328
DA:53,2304
DA:54,171
DA:55,171
DA:56,2304
DA:58,24
DA:60,24
DA:61,0
DA:62,0
DA:63,24
DA:66,24
DA:67,24
DA:68,24
DA:70,24
DA:71,24
DA:73,24
FNF:3
FNH:3
LF:54
LH:51
end_of_record
TN:
SF:/Users/admin/Desktop/Cici/21_prjects/decimal/shift_big_bits.c
FN:5,check_index_shift_big
FNDA:0,check_index_shift_big
FN:94,twist_bit_big
FNDA:6726,twist_bit_big
FN:99,shift_big_bit_left
FNDA:32584,shift_big_bit_left
FN:105,shift_bit_right_big
FNDA:27,shift_bit_right_big
FN:111,s21_shift_159_big
FNDA:26,s21_shift_159_big
FN:123,s21_shift_127_big
FNDA:205,s21_shift_127_big
FN:140,s21_shift_95_big
FNDA:1028,s21_shift_95_big
FN:157,s21_shift_63_big
FNDA:2307,s21_shift_63_big
FN:175,s21_shift_31_big
FNDA:3160,s21_shift_31_big
FN:192,s21_shift_bits_big
FNDA:3727,s21_shift_bits_big
DA:5,0
DA:6,0
DA:7,0
DA:8,0
DA:9,0
DA:10,0
DA:11,0
DA:12,0
DA:14,0
DA:15,0
DA:16,0
DA:17,0
DA:18,0
DA:19,0
DA:21,0
DA:22,0
DA:23,0
DA:24,0
DA:25,0
DA:26,0
DA:27,0
DA:29,0
DA:30,0
DA:31,0
DA:32,0
DA:34,0
DA:35,0
DA:37,0
DA:39,0
DA:40,0
DA:41,0
DA:43,0
DA:44,0
DA:46,0
DA:48,0
DA:49,0
DA:50,0
DA:52,0
DA:53,0
DA:55,0
DA:57,0
DA:58,0
DA:59,0
DA:61,0
DA:62,0
DA:64,0
DA:65,0
DA:66,0
DA:67,0
DA:69,0
DA:70,0
DA:72,0
DA:73,0
DA:74,0
DA:75,0
DA:77,0
DA:78,0
DA:80,0
DA:81,0
DA:82,0
DA:83,0
DA:84,0
DA:85,0
DA:86,0
DA:87,0
DA:88,0
DA:89,0
DA:91,0
DA:92,0
DA:94,6726
DA:95,6726
DA:96,6726
DA:97,6726
DA:99,32584
DA:101,71340
DA:102,38756
DA:103,38756
DA:104,32584
DA:105,27
DA:106,189
DA:107,162
DA:108,162
DA:109,27
DA:111,26
DA:112,26
DA:113,0
DA:115,26
DA:116,26
DA:117,26
DA:120,26
DA:121,26
DA:123,205
DA:125,205
DA:126,17
DA:127,17
DA:128,17
DA:130,17
DA:131,17
DA:132,188
DA:133,188
DA:134,188
DA:137,205
DA:140,1028
DA:142,1028
DA:143,166
DA:144,166
DA:145,166
DA:147,166
DA:148,166
DA:149,862
DA:150,862
DA:151,862
DA:154,1028
DA:157,2307
DA:159,2307
DA:160,674
DA:161,674
DA:162,674
DA:164,674
DA:165,674
DA:166,1633
DA:168,1633
DA:169,1633
DA:172,2307
DA:175,3160
DA:177,3160
DA:178,1335
DA:179,1335
DA:180,1335
DA:182,1335
DA:183,1335
DA:184,1825
DA:185,1825
DA:186,1825
DA:189,3160
DA:192,3727
DA:193,3727
DA:194,3727
DA:195,3727
DA:196,3727
DA:197,3727
DA:198,3727
DA:199,3727
DA:201,11571
DA:202,7844
DA:203,0
DA:205,7844
DA:206,3160
DA:208,3160
DA:209,7844
DA:210,972
DA:211,972
DA:212,972
DA:213,7844
DA:214,354
DA:215,354
DA:216,7844
DA:217,39
DA:218,39
DA:219,7844
DA:220,9
DA:221,9
DA:223,7844
DA:224,0
DA:227,7844
DA:228,4684
DA:229,3712
DA:231,972
DA:232,4684
DA:233,4684
DA:234,7844
DA:235,5537
DA:236,0
DA:237,0
DA:238,5537
DA:239,5183
DA:240,5183
DA:241,5537
DA:243,5537
DA:244,7844
DA:245,6816
DA:246,0
DA:247,0
DA:248,6816
DA:249,6777
DA:250,6777
DA:252,6816
DA:253,6816
DA:254,7844
DA:255,7639
DA:256,0
DA:257,0
DA:258,7639
DA:259,7630
DA:260,7630
DA:261,7639
DA:263,7639
DA:264,7844
DA:265,7818
DA:266,0
DA:268,7818
DA:269,7818
DA:272,7844
DA:273,7844
DA:274,7844
DA:275,7844
DA:276,7844
DA:277,7844
DA:303,3727
DA:304,3727
FNF:10
FNH:9
LF:210
LH:131
end_of_record
TN:
SF:/Users/admin/Desktop/Cici/21_prjects/decimal/comparesons.c
FN:3,s21_is_greater
FNDA:193,s21_is_greater
FN:46,s21_is_less
FNDA:92,s21_is_less
FN:50,s21_is_equal
FNDA:201,s21_is_equal
FN:76,s21_is_not_equal
FNDA:54,s21_is_not_equal
FN:80,s21_is_greater_or_equal
FNDA:40,s21_is_greater_or_equal
FN:84,s21_is_less_or_equal
FNDA:40,s21_is_less_or_equal
DA:3,193
DA:4,193
DA:5,193
DA:6,193
DA:8,200
DA:9,14
DA:10,7
DA:11,7
DA:12,186
DA:13,186
DA:14,186
DA:15,186
DA:16,186
DA:17,186
DA:18,14
DA:19,186
DA:20,11
DA:21,11
DA:22,161
DA:23,161
DA:24,52
DA:25,40
DA:26,40
DA:27,12
DA:29,161
DA:30,53
DA:31,111
DA:32,53
DA:33,53
DA:34,56
DA:35,12
DA:36,12
DA:37,44
DA:43,193
DA:46,92
DA:47,92
DA:50,201
DA:51,201
DA:52,201
DA:53,201
DA:55,209
DA:56,28
DA:57,8
DA:58,8
DA:59,193
DA:60,193
DA:61,193
DA:62,193
DA:63,193
DA:65,193
DA:66,193
DA:67,79
DA:68,79
DA:69,79
DA:70,114
DA:73,201
DA:76,54
DA:77,54
DA:80,40
DA:81,40
DA:84,40
DA:85,40
FNF:6
FNH:6
LF:62
LH:62
end_of_record
